Using pre-set license
Built from '2021.1/release' branch; Version is '2021.1.0f1 (61a549675243) revision 6399305'; Using compiler version '192528614'; Build Type 'Release'
OS: 'Windows 10 Home; OS build 21382.1; Version 2009; 64bit' Language: 'en' Physical Memory: 8044 MB
BatchMode: 1, IsHumanControllingUs: 0, StartBugReporterOnCrash: 0, Is64bit: 1, IsPro: 0

 COMMAND LINE ARGUMENTS:
C:\UnityProjects\2021.1.0f1\Editor\Unity.exe
-adb2
-batchMode
-noUpm
-name
AssetImportWorker3
-projectPath
C:/UnityProjects/Portal-2D
-logFile
Logs/AssetImportWorker3.log
-srvPort
63287
Successfully changed project path to: C:/UnityProjects/Portal-2D
C:/UnityProjects/Portal-2D
Using Asset Import Pipeline V2.
Refreshing native plugins compatible for Editor in 92.04 ms, found 1 plugins.
Preloading 0 native plugins for Editor in 0.00 ms.
Initialize engine version: 2021.1.0f1 (61a549675243)
[Subsystems] Discovering subsystems at path C:/UnityProjects/2021.1.0f1/Editor/Data/Resources/UnitySubsystems
[Subsystems] Discovering subsystems at path C:/UnityProjects/Portal-2D/Assets
GfxDevice: creating device client; threaded=0; jobified=0
Direct3D:
    Version:  Direct3D 11.0 [level 11.1]
    Renderer: NVIDIA GeForce GTX 1650 (ID=0x1f91)
    Vendor:   NVIDIA
    VRAM:     3964 MB
    Driver:   27.21.14.6627
Shader 'Universal Render Pipeline/Particles/Lit': fallback shader 'Universal Render Pipeline/Particles/SimpleLit' not found
Initialize mono
Mono path[0] = 'C:/UnityProjects/2021.1.0f1/Editor/Data/Managed'
Mono path[1] = 'C:/UnityProjects/2021.1.0f1/Editor/Data/MonoBleedingEdge/lib/mono/unityjit'
Mono config path = 'C:/UnityProjects/2021.1.0f1/Editor/Data/MonoBleedingEdge/etc'
Using monoOptions --debugger-agent=transport=dt_socket,embedding=1,server=y,suspend=n,address=127.0.0.1:56820
Begin MonoManager ReloadAssembly
Registering precompiled unity dll's ...
Register platform support module: C:/UnityProjects/2021.1.0f1/Editor/Data/PlaybackEngines/WindowsStandaloneSupport/UnityEditor.WindowsStandalone.Extensions.dll
Registered in 0.002393 seconds.
Native extension for WindowsStandalone target not found
Refreshing native plugins compatible for Editor in 102.34 ms, found 1 plugins.
Preloading 0 native plugins for Editor in 0.00 ms.
Mono: successfully reloaded assembly
- Completed reload, in  4.288 seconds
Platform modules already initialized, skipping
Registering precompiled user dll's ...
Registered in 0.001469 seconds.
Begin MonoManager ReloadAssembly
Native extension for WindowsStandalone target not found
Refreshing native plugins compatible for Editor in 70.37 ms, found 1 plugins.
Preloading 0 native plugins for Editor in 0.00 ms.
Mono: successfully reloaded assembly
- Completed reload, in  1.400 seconds
Platform modules already initialized, skipping
========================================================================
Worker process is ready to serve import requests
Shader 'Universal Render Pipeline/Particles/Lit': fallback shader 'Universal Render Pipeline/Particles/SimpleLit' not found
Launched and connected shader compiler UnityShaderCompiler.exe after 0.15 seconds
Refreshing native plugins compatible for Editor in 0.61 ms, found 1 plugins.
Preloading 0 native plugins for Editor in 0.00 ms.
Unloading 2995 Unused Serialized files (Serialized files now loaded: 0)
System memory in use before: 218.2 MB.
System memory in use after: 218.3 MB.

Unloading 23 unused Assets to reduce memory usage. Loaded Objects now: 3482.
Total: 3.753000 ms (FindLiveObjects: 0.491700 ms CreateObjectMapping: 0.269900 ms MarkObjects: 2.827000 ms  DeleteObjects: 0.162800 ms)

========================================================================
Received Import Request.
  path: Assets/Scenes/Scene 1.unity
  artifactKey: Guid(2cda990e2423bbf4892e6590ba056729) Importer(815301076,1909f56bfc062723c751e8b465ee728b)
Start importing Assets/Scenes/Scene 1.unity using Guid(2cda990e2423bbf4892e6590ba056729) Importer(815301076,1909f56bfc062723c751e8b465ee728b)  -> (artifact id: '79c9020ee3492fe00c6c59cb2aeb69cd') in 0.018322 seconds 
========================================================================
Received Prepare
Registering precompiled user dll's ...
Registered in 0.001352 seconds.
Begin MonoManager ReloadAssembly
Native extension for WindowsStandalone target not found
Refreshing native plugins compatible for Editor in 0.62 ms, found 1 plugins.
Preloading 0 native plugins for Editor in 0.00 ms.
Mono: successfully reloaded assembly
- Completed reload, in  1.330 seconds
Platform modules already initialized, skipping
Shader 'Universal Render Pipeline/Particles/Lit': fallback shader 'Universal Render Pipeline/Particles/SimpleLit' not found
Refreshing native plugins compatible for Editor in 0.52 ms, found 1 plugins.
Preloading 0 native plugins for Editor in 0.00 ms.
Unloading 2885 Unused Serialized files (Serialized files now loaded: 0)
System memory in use before: 212.4 MB.
System memory in use after: 212.5 MB.

Unloading 12 unused Assets to reduce memory usage. Loaded Objects now: 3486.
Total: 3.431600 ms (FindLiveObjects: 0.339500 ms CreateObjectMapping: 0.185800 ms MarkObjects: 2.774200 ms  DeleteObjects: 0.130500 ms)

========================================================================
Received Import Request.
  Time since last request: 640.643302 seconds.
  path: Assets/timer.controller
  artifactKey: Guid(bf206c277d5c2f247bc79d4988b594e7) Importer(815301076,1909f56bfc062723c751e8b465ee728b)
Start importing Assets/timer.controller using Guid(bf206c277d5c2f247bc79d4988b594e7) Importer(815301076,1909f56bfc062723c751e8b465ee728b)  -> (artifact id: 'd70795548c3414d2a2cb0a102f610fd5') in 0.090254 seconds 
========================================================================
Received Prepare
Registering precompiled user dll's ...
Registered in 0.001417 seconds.
Begin MonoManager ReloadAssembly
Native extension for WindowsStandalone target not found
Refreshing native plugins compatible for Editor in 0.54 ms, found 1 plugins.
Preloading 0 native plugins for Editor in 0.00 ms.
Mono: successfully reloaded assembly
- Completed reload, in  1.244 seconds
Platform modules already initialized, skipping
Shader 'Universal Render Pipeline/Particles/Lit': fallback shader 'Universal Render Pipeline/Particles/SimpleLit' not found
Refreshing native plugins compatible for Editor in 0.60 ms, found 1 plugins.
Preloading 0 native plugins for Editor in 0.00 ms.
Unloading 2885 Unused Serialized files (Serialized files now loaded: 0)
System memory in use before: 212.4 MB.
System memory in use after: 212.5 MB.

Unloading 12 unused Assets to reduce memory usage. Loaded Objects now: 3490.
Total: 3.372200 ms (FindLiveObjects: 0.350300 ms CreateObjectMapping: 0.256200 ms MarkObjects: 2.630100 ms  DeleteObjects: 0.134100 ms)

========================================================================
Received Prepare
Registering precompiled user dll's ...
Registered in 0.001404 seconds.
Begin MonoManager ReloadAssembly
Native extension for WindowsStandalone target not found
Refreshing native plugins compatible for Editor in 0.57 ms, found 1 plugins.
Preloading 0 native plugins for Editor in 0.00 ms.
Mono: successfully reloaded assembly
- Completed reload, in  1.263 seconds
Platform modules already initialized, skipping
Shader 'Universal Render Pipeline/Particles/Lit': fallback shader 'Universal Render Pipeline/Particles/SimpleLit' not found
Refreshing native plugins compatible for Editor in 0.82 ms, found 1 plugins.
Preloading 0 native plugins for Editor in 0.00 ms.
Unloading 2885 Unused Serialized files (Serialized files now loaded: 0)
System memory in use before: 212.4 MB.
System memory in use after: 212.6 MB.

Unloading 12 unused Assets to reduce memory usage. Loaded Objects now: 3494.
Total: 4.673200 ms (FindLiveObjects: 0.476100 ms CreateObjectMapping: 0.271600 ms MarkObjects: 3.753500 ms  DeleteObjects: 0.170500 ms)

========================================================================
Received Prepare
Registering precompiled user dll's ...
Registered in 0.001584 seconds.
Begin MonoManager ReloadAssembly
Native extension for WindowsStandalone target not found
Refreshing native plugins compatible for Editor in 0.56 ms, found 1 plugins.
Preloading 0 native plugins for Editor in 0.00 ms.
Mono: successfully reloaded assembly
- Completed reload, in  1.332 seconds
Platform modules already initialized, skipping
Shader 'Universal Render Pipeline/Particles/Lit': fallback shader 'Universal Render Pipeline/Particles/SimpleLit' not found
Refreshing native plugins compatible for Editor in 0.58 ms, found 1 plugins.
Preloading 0 native plugins for Editor in 0.00 ms.
Unloading 2885 Unused Serialized files (Serialized files now loaded: 0)
System memory in use before: 212.5 MB.
System memory in use after: 212.6 MB.

Unloading 12 unused Assets to reduce memory usage. Loaded Objects now: 3498.
Total: 4.010500 ms (FindLiveObjects: 0.389300 ms CreateObjectMapping: 0.266800 ms MarkObjects: 3.184100 ms  DeleteObjects: 0.168400 ms)

========================================================================
Received Import Request.
  Time since last request: 239.710339 seconds.
  path: Assets/Machine.controller
  artifactKey: Guid(a8cb6d1bca09541458787958ab588c88) Importer(815301076,1909f56bfc062723c751e8b465ee728b)
Start importing Assets/Machine.controller using Guid(a8cb6d1bca09541458787958ab588c88) Importer(815301076,1909f56bfc062723c751e8b465ee728b)  -> (artifact id: '4955ccba64f1c9a5837229a5c0677a88') in 0.099220 seconds 
========================================================================
Received Prepare
Registering precompiled user dll's ...
Registered in 0.001383 seconds.
Begin MonoManager ReloadAssembly
Native extension for WindowsStandalone target not found
Refreshing native plugins compatible for Editor in 0.54 ms, found 1 plugins.
Preloading 0 native plugins for Editor in 0.00 ms.
Mono: successfully reloaded assembly
- Completed reload, in  1.173 seconds
Platform modules already initialized, skipping
Shader 'Universal Render Pipeline/Particles/Lit': fallback shader 'Universal Render Pipeline/Particles/SimpleLit' not found
Refreshing native plugins compatible for Editor in 0.53 ms, found 1 plugins.
Preloading 0 native plugins for Editor in 0.00 ms.
Unloading 2885 Unused Serialized files (Serialized files now loaded: 0)
System memory in use before: 212.5 MB.
System memory in use after: 212.6 MB.

Unloading 12 unused Assets to reduce memory usage. Loaded Objects now: 3502.
Total: 3.765300 ms (FindLiveObjects: 0.371900 ms CreateObjectMapping: 0.207300 ms MarkObjects: 3.052800 ms  DeleteObjects: 0.131200 ms)

========================================================================
Received Prepare
Registering precompiled user dll's ...
Registered in 0.001545 seconds.
Begin MonoManager ReloadAssembly
Native extension for WindowsStandalone target not found
Refreshing native plugins compatible for Editor in 0.58 ms, found 1 plugins.
Preloading 0 native plugins for Editor in 0.00 ms.
Mono: successfully reloaded assembly
- Completed reload, in  1.260 seconds
Platform modules already initialized, skipping
Shader 'Universal Render Pipeline/Particles/Lit': fallback shader 'Universal Render Pipeline/Particles/SimpleLit' not found
Refreshing native plugins compatible for Editor in 0.51 ms, found 1 plugins.
Preloading 0 native plugins for Editor in 0.00 ms.
Unloading 2885 Unused Serialized files (Serialized files now loaded: 0)
System memory in use before: 212.5 MB.
System memory in use after: 212.6 MB.

Unloading 12 unused Assets to reduce memory usage. Loaded Objects now: 3506.
Total: 4.227200 ms (FindLiveObjects: 0.561900 ms CreateObjectMapping: 0.476700 ms MarkObjects: 3.040900 ms  DeleteObjects: 0.146000 ms)

========================================================================
Received Import Request.
  Time since last request: 101.604319 seconds.
  path: Assets/Sprites/timer.png
  artifactKey: Guid(2ee5b20aab44a864d97a5f0e89e2e4d4) Importer(815301076,1909f56bfc062723c751e8b465ee728b)
Start importing Assets/Sprites/timer.png using Guid(2ee5b20aab44a864d97a5f0e89e2e4d4) Importer(815301076,1909f56bfc062723c751e8b465ee728b)  -> (artifact id: '32a49bea4c1e9bdb19bdc30671dd02b2') in 0.166137 seconds 
========================================================================
Received Import Request.
  Time since last request: 3.747678 seconds.
  path: Assets/timer.controller
  artifactKey: Guid(bf206c277d5c2f247bc79d4988b594e7) Importer(815301076,1909f56bfc062723c751e8b465ee728b)
Start importing Assets/timer.controller using Guid(bf206c277d5c2f247bc79d4988b594e7) Importer(815301076,1909f56bfc062723c751e8b465ee728b)  -> (artifact id: 'b0839ac523fbb9bfe331534063c5bf07') in 0.007538 seconds 
========================================================================
Received Import Request.
  Time since last request: 4.411827 seconds.
  path: Assets/ClockRotation.anim
  artifactKey: Guid(c90a44cf617542542b5ba6c96e0a3371) Importer(815301076,1909f56bfc062723c751e8b465ee728b)
Start importing Assets/ClockRotation.anim using Guid(c90a44cf617542542b5ba6c96e0a3371) Importer(815301076,1909f56bfc062723c751e8b465ee728b)  -> (artifact id: 'f8582832706e8656c7442939c1a488a4') in 0.021763 seconds 
========================================================================
Received Prepare
Registering precompiled user dll's ...
Registered in 0.001408 seconds.
Begin MonoManager ReloadAssembly
Native extension for WindowsStandalone target not found
Refreshing native plugins compatible for Editor in 0.55 ms, found 1 plugins.
Preloading 0 native plugins for Editor in 0.00 ms.
Mono: successfully reloaded assembly
- Completed reload, in  1.306 seconds
Platform modules already initialized, skipping
Shader 'Universal Render Pipeline/Particles/Lit': fallback shader 'Universal Render Pipeline/Particles/SimpleLit' not found
Refreshing native plugins compatible for Editor in 1.34 ms, found 1 plugins.
Preloading 0 native plugins for Editor in 0.00 ms.
Unloading 2886 Unused Serialized files (Serialized files now loaded: 0)
System memory in use before: 216.6 MB.
System memory in use after: 216.7 MB.

Unloading 12 unused Assets to reduce memory usage. Loaded Objects now: 3531.
Total: 4.582400 ms (FindLiveObjects: 0.508900 ms CreateObjectMapping: 0.289500 ms MarkObjects: 3.610200 ms  DeleteObjects: 0.172400 ms)

========================================================================
Received Prepare
Registering precompiled user dll's ...
Registered in 0.001409 seconds.
Begin MonoManager ReloadAssembly
Native extension for WindowsStandalone target not found
Refreshing native plugins compatible for Editor in 0.54 ms, found 1 plugins.
Preloading 0 native plugins for Editor in 0.00 ms.
Mono: successfully reloaded assembly
- Completed reload, in  1.241 seconds
Platform modules already initialized, skipping
Shader 'Universal Render Pipeline/Particles/Lit': fallback shader 'Universal Render Pipeline/Particles/SimpleLit' not found
Refreshing native plugins compatible for Editor in 0.60 ms, found 1 plugins.
Preloading 0 native plugins for Editor in 0.00 ms.
Unloading 2885 Unused Serialized files (Serialized files now loaded: 0)
System memory in use before: 216.5 MB.
System memory in use after: 216.7 MB.

Unloading 12 unused Assets to reduce memory usage. Loaded Objects now: 3535.
Total: 4.158700 ms (FindLiveObjects: 0.474800 ms CreateObjectMapping: 0.251000 ms MarkObjects: 3.291600 ms  DeleteObjects: 0.139400 ms)

========================================================================
Received Import Request.
  Time since last request: 56.693777 seconds.
  path: Assets/Scenes/Scene 1 Alternate.unity
  artifactKey: Guid(29fac75a99fc6f746831a6f3ecca753f) Importer(815301076,1909f56bfc062723c751e8b465ee728b)
Start importing Assets/Scenes/Scene 1 Alternate.unity using Guid(29fac75a99fc6f746831a6f3ecca753f) Importer(815301076,1909f56bfc062723c751e8b465ee728b)  -> (artifact id: 'c40c9f3a8e738784f371d89ada56b8dd') in 0.027023 seconds 
========================================================================
Received Import Request.
  Time since last request: 190.875581 seconds.
  path: Assets/Scenes/Scene 1.unity
  artifactKey: Guid(2cda990e2423bbf4892e6590ba056729) Importer(815301076,1909f56bfc062723c751e8b465ee728b)
Start importing Assets/Scenes/Scene 1.unity using Guid(2cda990e2423bbf4892e6590ba056729) Importer(815301076,1909f56bfc062723c751e8b465ee728b)  -> (artifact id: '9d4a9cd8a8f5aa2801a382e827e9b8ce') in 0.020896 seconds 
========================================================================
Received Import Request.
  Time since last request: 10.986078 seconds.
  path: Assets/Scenes/Scene 1 Alternate.unity
  artifactKey: Guid(29fac75a99fc6f746831a6f3ecca753f) Importer(815301076,1909f56bfc062723c751e8b465ee728b)
Start importing Assets/Scenes/Scene 1 Alternate.unity using Guid(29fac75a99fc6f746831a6f3ecca753f) Importer(815301076,1909f56bfc062723c751e8b465ee728b)  -> (artifact id: 'fec5ee803e3e8db70782df7865fbb235') in 0.013511 seconds 
========================================================================
Received Import Request.
  Time since last request: 12.789589 seconds.
  path: Assets/Scenes/Scene 1.unity
  artifactKey: Guid(2cda990e2423bbf4892e6590ba056729) Importer(815301076,1909f56bfc062723c751e8b465ee728b)
Start importing Assets/Scenes/Scene 1.unity using Guid(2cda990e2423bbf4892e6590ba056729) Importer(815301076,1909f56bfc062723c751e8b465ee728b)  -> (artifact id: 'aa010c41a4b87b5eb28f9416ca7b6bd5') in 0.015598 seconds 
========================================================================
Received Prepare
Registering precompiled user dll's ...
Registered in 0.001445 seconds.
Begin MonoManager ReloadAssembly
Native extension for WindowsStandalone target not found
Refreshing native plugins compatible for Editor in 0.57 ms, found 1 plugins.
Preloading 0 native plugins for Editor in 0.00 ms.
Mono: successfully reloaded assembly
- Completed reload, in  1.258 seconds
Platform modules already initialized, skipping
Shader 'Universal Render Pipeline/Particles/Lit': fallback shader 'Universal Render Pipeline/Particles/SimpleLit' not found
Refreshing native plugins compatible for Editor in 0.86 ms, found 1 plugins.
Preloading 0 native plugins for Editor in 0.00 ms.
Unloading 2885 Unused Serialized files (Serialized files now loaded: 0)
System memory in use before: 216.6 MB.
System memory in use after: 216.7 MB.

Unloading 12 unused Assets to reduce memory usage. Loaded Objects now: 3539.
Total: 3.776200 ms (FindLiveObjects: 0.478800 ms CreateObjectMapping: 0.287300 ms MarkObjects: 2.862200 ms  DeleteObjects: 0.146000 ms)

========================================================================
Received Prepare
Registering precompiled user dll's ...
Registered in 0.002130 seconds.
Begin MonoManager ReloadAssembly
Native extension for WindowsStandalone target not found
Refreshing native plugins compatible for Editor in 0.58 ms, found 1 plugins.
Preloading 0 native plugins for Editor in 0.00 ms.
Mono: successfully reloaded assembly
- Completed reload, in  1.281 seconds
Platform modules already initialized, skipping
Shader 'Universal Render Pipeline/Particles/Lit': fallback shader 'Universal Render Pipeline/Particles/SimpleLit' not found
Refreshing native plugins compatible for Editor in 0.52 ms, found 1 plugins.
Preloading 0 native plugins for Editor in 0.00 ms.
Unloading 2885 Unused Serialized files (Serialized files now loaded: 0)
System memory in use before: 216.6 MB.
System memory in use after: 216.7 MB.

Unloading 12 unused Assets to reduce memory usage. Loaded Objects now: 3543.
Total: 3.947400 ms (FindLiveObjects: 0.375500 ms CreateObjectMapping: 0.276800 ms MarkObjects: 3.135900 ms  DeleteObjects: 0.158100 ms)

========================================================================
Received Prepare
Registering precompiled user dll's ...
Registered in 0.002475 seconds.
Begin MonoManager ReloadAssembly
Native extension for WindowsStandalone target not found
Refreshing native plugins compatible for Editor in 0.62 ms, found 1 plugins.
Preloading 0 native plugins for Editor in 0.00 ms.
Mono: successfully reloaded assembly
- Completed reload, in  1.348 seconds
Platform modules already initialized, skipping
Shader 'Universal Render Pipeline/Particles/Lit': fallback shader 'Universal Render Pipeline/Particles/SimpleLit' not found
Refreshing native plugins compatible for Editor in 0.61 ms, found 1 plugins.
Preloading 0 native plugins for Editor in 0.00 ms.
Unloading 2885 Unused Serialized files (Serialized files now loaded: 0)
System memory in use before: 216.6 MB.
System memory in use after: 216.7 MB.

Unloading 12 unused Assets to reduce memory usage. Loaded Objects now: 3547.
Total: 5.595000 ms (FindLiveObjects: 0.440300 ms CreateObjectMapping: 0.560600 ms MarkObjects: 4.408800 ms  DeleteObjects: 0.183100 ms)

========================================================================
Received Prepare
Registering precompiled user dll's ...
Registered in 0.001398 seconds.
Begin MonoManager ReloadAssembly
Native extension for WindowsStandalone target not found
Refreshing native plugins compatible for Editor in 0.90 ms, found 1 plugins.
Preloading 0 native plugins for Editor in 0.00 ms.
Mono: successfully reloaded assembly
- Completed reload, in  1.338 seconds
Platform modules already initialized, skipping
Shader 'Universal Render Pipeline/Particles/Lit': fallback shader 'Universal Render Pipeline/Particles/SimpleLit' not found
Refreshing native plugins compatible for Editor in 1.24 ms, found 1 plugins.
Preloading 0 native plugins for Editor in 0.00 ms.
Unloading 2885 Unused Serialized files (Serialized files now loaded: 0)
System memory in use before: 216.6 MB.
System memory in use after: 216.7 MB.

Unloading 12 unused Assets to reduce memory usage. Loaded Objects now: 3551.
Total: 4.300700 ms (FindLiveObjects: 0.561500 ms CreateObjectMapping: 0.492900 ms MarkObjects: 3.111700 ms  DeleteObjects: 0.132800 ms)

========================================================================
Received Prepare
Registering precompiled user dll's ...
Registered in 0.004307 seconds.
Begin MonoManager ReloadAssembly
Native extension for WindowsStandalone target not found
Refreshing native plugins compatible for Editor in 0.58 ms, found 1 plugins.
Preloading 0 native plugins for Editor in 0.00 ms.
Mono: successfully reloaded assembly
- Completed reload, in  1.391 seconds
Platform modules already initialized, skipping
Shader 'Universal Render Pipeline/Particles/Lit': fallback shader 'Universal Render Pipeline/Particles/SimpleLit' not found
Refreshing native plugins compatible for Editor in 0.65 ms, found 1 plugins.
Preloading 0 native plugins for Editor in 0.00 ms.
Unloading 2885 Unused Serialized files (Serialized files now loaded: 0)
System memory in use before: 216.6 MB.
System memory in use after: 216.7 MB.

Unloading 12 unused Assets to reduce memory usage. Loaded Objects now: 3555.
Total: 14.295400 ms (FindLiveObjects: 2.606600 ms CreateObjectMapping: 6.071100 ms MarkObjects: 4.943600 ms  DeleteObjects: 0.672100 ms)

========================================================================
Received Import Request.
  Time since last request: 800.575922 seconds.
  path: Assets/Sounds/SIlence.wav
  artifactKey: Guid(04dbd19db877f88468c50976e8807bec) Importer(815301076,1909f56bfc062723c751e8b465ee728b)
Start importing Assets/Sounds/SIlence.wav using Guid(04dbd19db877f88468c50976e8807bec) Importer(815301076,1909f56bfc062723c751e8b465ee728b)  -> (artifact id: '03877af5aaf7dde2aac72a5d8179e9d7') in 0.170009 seconds 
========================================================================
Received Import Request.
  Time since last request: 18.256650 seconds.
  path: Assets/Scenes/Scene 1 Alternate.unity
  artifactKey: Guid(29fac75a99fc6f746831a6f3ecca753f) Importer(815301076,1909f56bfc062723c751e8b465ee728b)
Start importing Assets/Scenes/Scene 1 Alternate.unity using Guid(29fac75a99fc6f746831a6f3ecca753f) Importer(815301076,1909f56bfc062723c751e8b465ee728b)  -> (artifact id: 'bae4523c6809ff77d1e91baa8ff1723b') in 0.005961 seconds 
========================================================================
Received Prepare
Registering precompiled user dll's ...
Registered in 0.002220 seconds.
Begin MonoManager ReloadAssembly
Native extension for WindowsStandalone target not found
Refreshing native plugins compatible for Editor in 0.59 ms, found 1 plugins.
Preloading 0 native plugins for Editor in 0.00 ms.
Mono: successfully reloaded assembly
- Completed reload, in  1.313 seconds
Platform modules already initialized, skipping
Shader 'Universal Render Pipeline/Particles/Lit': fallback shader 'Universal Render Pipeline/Particles/SimpleLit' not found
Refreshing native plugins compatible for Editor in 0.74 ms, found 1 plugins.
Preloading 0 native plugins for Editor in 0.00 ms.
Unloading 2885 Unused Serialized files (Serialized files now loaded: 0)
System memory in use before: 216.7 MB.
System memory in use after: 216.8 MB.

Unloading 12 unused Assets to reduce memory usage. Loaded Objects now: 3566.
Total: 5.888700 ms (FindLiveObjects: 0.459400 ms CreateObjectMapping: 0.427800 ms MarkObjects: 4.802100 ms  DeleteObjects: 0.196400 ms)

========================================================================
Received Prepare
Registering precompiled user dll's ...
Registered in 0.001985 seconds.
Begin MonoManager ReloadAssembly
Native extension for WindowsStandalone target not found
Refreshing native plugins compatible for Editor in 0.66 ms, found 1 plugins.
Preloading 0 native plugins for Editor in 0.00 ms.
Mono: successfully reloaded assembly
- Completed reload, in  1.527 seconds
Platform modules already initialized, skipping
Shader 'Universal Render Pipeline/Particles/Lit': fallback shader 'Universal Render Pipeline/Particles/SimpleLit' not found
Refreshing native plugins compatible for Editor in 0.67 ms, found 1 plugins.
Preloading 0 native plugins for Editor in 0.00 ms.
Unloading 2885 Unused Serialized files (Serialized files now loaded: 0)
System memory in use before: 216.7 MB.
System memory in use after: 216.9 MB.

Unloading 12 unused Assets to reduce memory usage. Loaded Objects now: 3570.
Total: 5.604000 ms (FindLiveObjects: 0.540900 ms CreateObjectMapping: 0.296100 ms MarkObjects: 4.547000 ms  DeleteObjects: 0.218300 ms)

========================================================================
Received Prepare
Registering precompiled user dll's ...
Registered in 0.001592 seconds.
Begin MonoManager ReloadAssembly
Native extension for WindowsStandalone target not found
Refreshing native plugins compatible for Editor in 0.94 ms, found 1 plugins.
Preloading 0 native plugins for Editor in 0.00 ms.
Mono: successfully reloaded assembly
- Completed reload, in  1.399 seconds
Platform modules already initialized, skipping
Shader 'Universal Render Pipeline/Particles/Lit': fallback shader 'Universal Render Pipeline/Particles/SimpleLit' not found
Refreshing native plugins compatible for Editor in 0.85 ms, found 1 plugins.
Preloading 0 native plugins for Editor in 0.00 ms.
Unloading 2885 Unused Serialized files (Serialized files now loaded: 0)
System memory in use before: 216.8 MB.
System memory in use after: 216.9 MB.

Unloading 12 unused Assets to reduce memory usage. Loaded Objects now: 3574.
Total: 4.104600 ms (FindLiveObjects: 0.510000 ms CreateObjectMapping: 0.379900 ms MarkObjects: 3.032600 ms  DeleteObjects: 0.179900 ms)

========================================================================
Received Prepare
Registering precompiled user dll's ...
Registered in 0.001669 seconds.
Begin MonoManager ReloadAssembly
Native extension for WindowsStandalone target not found
Refreshing native plugins compatible for Editor in 0.60 ms, found 1 plugins.
Preloading 0 native plugins for Editor in 0.00 ms.
Mono: successfully reloaded assembly
- Completed reload, in  1.437 seconds
Platform modules already initialized, skipping
Shader 'Universal Render Pipeline/Particles/Lit': fallback shader 'Universal Render Pipeline/Particles/SimpleLit' not found
Refreshing native plugins compatible for Editor in 0.63 ms, found 1 plugins.
Preloading 0 native plugins for Editor in 0.00 ms.
Unloading 2885 Unused Serialized files (Serialized files now loaded: 0)
System memory in use before: 216.8 MB.
System memory in use after: 216.9 MB.

Unloading 12 unused Assets to reduce memory usage. Loaded Objects now: 3578.
Total: 4.064400 ms (FindLiveObjects: 0.495700 ms CreateObjectMapping: 0.282400 ms MarkObjects: 3.141300 ms  DeleteObjects: 0.143600 ms)

========================================================================
Received Import Request.
  Time since last request: 541.144361 seconds.
  path: Assets/Scenes/Scene 1 Alternate.unity
  artifactKey: Guid(29fac75a99fc6f746831a6f3ecca753f) Importer(815301076,1909f56bfc062723c751e8b465ee728b)
Start importing Assets/Scenes/Scene 1 Alternate.unity using Guid(29fac75a99fc6f746831a6f3ecca753f) Importer(815301076,1909f56bfc062723c751e8b465ee728b)  -> (artifact id: '117855aa89abaf33f5815cab3844ec96') in 0.021769 seconds 
========================================================================
Received Prepare
Registering precompiled user dll's ...
Registered in 0.002265 seconds.
Begin MonoManager ReloadAssembly
Native extension for WindowsStandalone target not found
Refreshing native plugins compatible for Editor in 0.56 ms, found 1 plugins.
Preloading 0 native plugins for Editor in 0.00 ms.
Mono: successfully reloaded assembly
- Completed reload, in  1.192 seconds
Platform modules already initialized, skipping
Shader 'Universal Render Pipeline/Particles/Lit': fallback shader 'Universal Render Pipeline/Particles/SimpleLit' not found
Refreshing native plugins compatible for Editor in 0.69 ms, found 1 plugins.
Preloading 0 native plugins for Editor in 0.00 ms.
Unloading 2885 Unused Serialized files (Serialized files now loaded: 0)
System memory in use before: 216.8 MB.
System memory in use after: 216.9 MB.

Unloading 12 unused Assets to reduce memory usage. Loaded Objects now: 3582.
Total: 3.711300 ms (FindLiveObjects: 0.383100 ms CreateObjectMapping: 0.239500 ms MarkObjects: 2.954100 ms  DeleteObjects: 0.133400 ms)

========================================================================
Received Prepare
Registering precompiled user dll's ...
Registered in 0.002049 seconds.
Begin MonoManager ReloadAssembly
Native extension for WindowsStandalone target not found
Refreshing native plugins compatible for Editor in 0.59 ms, found 1 plugins.
Preloading 0 native plugins for Editor in 0.00 ms.
Mono: successfully reloaded assembly
- Completed reload, in  1.261 seconds
Platform modules already initialized, skipping
Shader 'Universal Render Pipeline/Particles/Lit': fallback shader 'Universal Render Pipeline/Particles/SimpleLit' not found
Refreshing native plugins compatible for Editor in 0.57 ms, found 1 plugins.
Preloading 0 native plugins for Editor in 0.00 ms.
Unloading 2885 Unused Serialized files (Serialized files now loaded: 0)
System memory in use before: 216.8 MB.
System memory in use after: 216.9 MB.

Unloading 12 unused Assets to reduce memory usage. Loaded Objects now: 3586.
Total: 4.000700 ms (FindLiveObjects: 0.448600 ms CreateObjectMapping: 0.281300 ms MarkObjects: 3.116600 ms  DeleteObjects: 0.152200 ms)

========================================================================
Received Prepare
Registering precompiled user dll's ...
Registered in 0.001574 seconds.
Begin MonoManager ReloadAssembly
Native extension for WindowsStandalone target not found
Refreshing native plugins compatible for Editor in 0.56 ms, found 1 plugins.
Preloading 0 native plugins for Editor in 0.00 ms.
Mono: successfully reloaded assembly
- Completed reload, in  1.292 seconds
Platform modules already initialized, skipping
Shader 'Universal Render Pipeline/Particles/Lit': fallback shader 'Universal Render Pipeline/Particles/SimpleLit' not found
Refreshing native plugins compatible for Editor in 0.70 ms, found 1 plugins.
Preloading 0 native plugins for Editor in 0.00 ms.
Unloading 2885 Unused Serialized files (Serialized files now loaded: 0)
System memory in use before: 216.8 MB.
System memory in use after: 216.9 MB.

Unloading 12 unused Assets to reduce memory usage. Loaded Objects now: 3590.
Total: 3.930500 ms (FindLiveObjects: 0.369000 ms CreateObjectMapping: 0.286200 ms MarkObjects: 3.008300 ms  DeleteObjects: 0.265100 ms)

========================================================================
Received Prepare
Registering precompiled user dll's ...
Registered in 0.002122 seconds.
Begin MonoManager ReloadAssembly
Native extension for WindowsStandalone target not found
Refreshing native plugins compatible for Editor in 0.56 ms, found 1 plugins.
Preloading 0 native plugins for Editor in 0.00 ms.
Mono: successfully reloaded assembly
- Completed reload, in  1.262 seconds
Platform modules already initialized, skipping
Shader 'Universal Render Pipeline/Particles/Lit': fallback shader 'Universal Render Pipeline/Particles/SimpleLit' not found
Refreshing native plugins compatible for Editor in 0.58 ms, found 1 plugins.
Preloading 0 native plugins for Editor in 0.00 ms.
Unloading 2885 Unused Serialized files (Serialized files now loaded: 0)
System memory in use before: 216.8 MB.
System memory in use after: 216.9 MB.

Unloading 12 unused Assets to reduce memory usage. Loaded Objects now: 3594.
Total: 3.777200 ms (FindLiveObjects: 0.407900 ms CreateObjectMapping: 0.229500 ms MarkObjects: 2.989500 ms  DeleteObjects: 0.148500 ms)

========================================================================
Received Prepare
Registering precompiled user dll's ...
Registered in 0.002152 seconds.
Begin MonoManager ReloadAssembly
Native extension for WindowsStandalone target not found
Refreshing native plugins compatible for Editor in 0.57 ms, found 1 plugins.
Preloading 0 native plugins for Editor in 0.00 ms.
Mono: successfully reloaded assembly
- Completed reload, in  1.310 seconds
Platform modules already initialized, skipping
Shader 'Universal Render Pipeline/Particles/Lit': fallback shader 'Universal Render Pipeline/Particles/SimpleLit' not found
Refreshing native plugins compatible for Editor in 0.68 ms, found 1 plugins.
Preloading 0 native plugins for Editor in 0.00 ms.
Unloading 2885 Unused Serialized files (Serialized files now loaded: 0)
System memory in use before: 216.8 MB.
System memory in use after: 216.9 MB.

Unloading 12 unused Assets to reduce memory usage. Loaded Objects now: 3598.
Total: 4.020300 ms (FindLiveObjects: 0.633300 ms CreateObjectMapping: 0.306000 ms MarkObjects: 2.930800 ms  DeleteObjects: 0.148200 ms)

========================================================================
Received Prepare
Registering precompiled user dll's ...
Registered in 0.001451 seconds.
Begin MonoManager ReloadAssembly
Native extension for WindowsStandalone target not found
Refreshing native plugins compatible for Editor in 0.58 ms, found 1 plugins.
Preloading 0 native plugins for Editor in 0.00 ms.
Mono: successfully reloaded assembly
- Completed reload, in  1.280 seconds
Platform modules already initialized, skipping
Shader 'Universal Render Pipeline/Particles/Lit': fallback shader 'Universal Render Pipeline/Particles/SimpleLit' not found
Refreshing native plugins compatible for Editor in 0.61 ms, found 1 plugins.
Preloading 0 native plugins for Editor in 0.00 ms.
Unloading 2885 Unused Serialized files (Serialized files now loaded: 0)
System memory in use before: 216.8 MB.
System memory in use after: 216.9 MB.

Unloading 12 unused Assets to reduce memory usage. Loaded Objects now: 3602.
Total: 3.554400 ms (FindLiveObjects: 0.419900 ms CreateObjectMapping: 0.235700 ms MarkObjects: 2.773000 ms  DeleteObjects: 0.124600 ms)

========================================================================
Received Prepare
Registering precompiled user dll's ...
Registered in 0.001859 seconds.
Begin MonoManager ReloadAssembly
Native extension for WindowsStandalone target not found
Refreshing native plugins compatible for Editor in 0.56 ms, found 1 plugins.
Preloading 0 native plugins for Editor in 0.00 ms.
Mono: successfully reloaded assembly
- Completed reload, in  1.298 seconds
Platform modules already initialized, skipping
Shader 'Universal Render Pipeline/Particles/Lit': fallback shader 'Universal Render Pipeline/Particles/SimpleLit' not found
Refreshing native plugins compatible for Editor in 0.89 ms, found 1 plugins.
Preloading 0 native plugins for Editor in 0.00 ms.
Unloading 2885 Unused Serialized files (Serialized files now loaded: 0)
System memory in use before: 216.8 MB.
System memory in use after: 216.9 MB.

Unloading 12 unused Assets to reduce memory usage. Loaded Objects now: 3606.
Total: 5.947900 ms (FindLiveObjects: 0.741100 ms CreateObjectMapping: 0.350300 ms MarkObjects: 4.640000 ms  DeleteObjects: 0.214800 ms)

========================================================================
Received Prepare
Registering precompiled user dll's ...
Registered in 0.001479 seconds.
Begin MonoManager ReloadAssembly
Native extension for WindowsStandalone target not found
Refreshing native plugins compatible for Editor in 0.56 ms, found 1 plugins.
Preloading 0 native plugins for Editor in 0.00 ms.
Mono: successfully reloaded assembly
- Completed reload, in  1.316 seconds
Platform modules already initialized, skipping
Shader 'Universal Render Pipeline/Particles/Lit': fallback shader 'Universal Render Pipeline/Particles/SimpleLit' not found
Refreshing native plugins compatible for Editor in 0.63 ms, found 1 plugins.
Preloading 0 native plugins for Editor in 0.00 ms.
Unloading 2885 Unused Serialized files (Serialized files now loaded: 0)
System memory in use before: 216.8 MB.
System memory in use after: 217.0 MB.

Unloading 12 unused Assets to reduce memory usage. Loaded Objects now: 3610.
Total: 5.197100 ms (FindLiveObjects: 0.852500 ms CreateObjectMapping: 0.649200 ms MarkObjects: 3.560600 ms  DeleteObjects: 0.133300 ms)

========================================================================
Received Prepare
Registering precompiled user dll's ...
Registered in 0.003442 seconds.
Begin MonoManager ReloadAssembly
Native extension for WindowsStandalone target not found
Refreshing native plugins compatible for Editor in 0.73 ms, found 1 plugins.
Preloading 0 native plugins for Editor in 0.00 ms.
Mono: successfully reloaded assembly
- Completed reload, in  1.451 seconds
Platform modules already initialized, skipping
Shader 'Universal Render Pipeline/Particles/Lit': fallback shader 'Universal Render Pipeline/Particles/SimpleLit' not found
Refreshing native plugins compatible for Editor in 0.59 ms, found 1 plugins.
Preloading 0 native plugins for Editor in 0.00 ms.
Unloading 2885 Unused Serialized files (Serialized files now loaded: 0)
System memory in use before: 216.8 MB.
System memory in use after: 217.0 MB.

Unloading 12 unused Assets to reduce memory usage. Loaded Objects now: 3614.
Total: 10.938800 ms (FindLiveObjects: 1.061200 ms CreateObjectMapping: 0.871000 ms MarkObjects: 8.618900 ms  DeleteObjects: 0.384100 ms)

========================================================================
Received Prepare
Registering precompiled user dll's ...
Registered in 0.001406 seconds.
Begin MonoManager ReloadAssembly
Native extension for WindowsStandalone target not found
Refreshing native plugins compatible for Editor in 0.84 ms, found 1 plugins.
Preloading 0 native plugins for Editor in 0.00 ms.
Mono: successfully reloaded assembly
- Completed reload, in  1.540 seconds
Platform modules already initialized, skipping
Shader 'Universal Render Pipeline/Particles/Lit': fallback shader 'Universal Render Pipeline/Particles/SimpleLit' not found
Refreshing native plugins compatible for Editor in 0.62 ms, found 1 plugins.
Preloading 0 native plugins for Editor in 0.00 ms.
Unloading 2885 Unused Serialized files (Serialized files now loaded: 0)
System memory in use before: 216.9 MB.
System memory in use after: 217.0 MB.

Unloading 12 unused Assets to reduce memory usage. Loaded Objects now: 3618.
Total: 5.642100 ms (FindLiveObjects: 0.437500 ms CreateObjectMapping: 0.390500 ms MarkObjects: 4.588600 ms  DeleteObjects: 0.223400 ms)

========================================================================
Received Prepare
Registering precompiled user dll's ...
Registered in 0.002307 seconds.
Begin MonoManager ReloadAssembly
Native extension for WindowsStandalone target not found
Refreshing native plugins compatible for Editor in 0.57 ms, found 1 plugins.
Preloading 0 native plugins for Editor in 0.00 ms.
Mono: successfully reloaded assembly
- Completed reload, in  1.163 seconds
Platform modules already initialized, skipping
Shader 'Universal Render Pipeline/Particles/Lit': fallback shader 'Universal Render Pipeline/Particles/SimpleLit' not found
Refreshing native plugins compatible for Editor in 0.51 ms, found 1 plugins.
Preloading 0 native plugins for Editor in 0.00 ms.
Unloading 2885 Unused Serialized files (Serialized files now loaded: 0)
System memory in use before: 216.9 MB.
System memory in use after: 217.0 MB.

Unloading 12 unused Assets to reduce memory usage. Loaded Objects now: 3622.
Total: 4.245900 ms (FindLiveObjects: 0.498800 ms CreateObjectMapping: 0.536500 ms MarkObjects: 3.039100 ms  DeleteObjects: 0.170100 ms)

========================================================================
Received Prepare
Registering precompiled user dll's ...
Registered in 0.001412 seconds.
Begin MonoManager ReloadAssembly
Native extension for WindowsStandalone target not found
Refreshing native plugins compatible for Editor in 0.57 ms, found 1 plugins.
Preloading 0 native plugins for Editor in 0.00 ms.
Mono: successfully reloaded assembly
- Completed reload, in  1.312 seconds
Platform modules already initialized, skipping
Shader 'Universal Render Pipeline/Particles/Lit': fallback shader 'Universal Render Pipeline/Particles/SimpleLit' not found
Refreshing native plugins compatible for Editor in 0.55 ms, found 1 plugins.
Preloading 0 native plugins for Editor in 0.00 ms.
Unloading 2885 Unused Serialized files (Serialized files now loaded: 0)
System memory in use before: 216.9 MB.
System memory in use after: 217.0 MB.

Unloading 12 unused Assets to reduce memory usage. Loaded Objects now: 3626.
Total: 4.123200 ms (FindLiveObjects: 0.384500 ms CreateObjectMapping: 0.279300 ms MarkObjects: 3.316400 ms  DeleteObjects: 0.141400 ms)

========================================================================
Received Prepare
Registering precompiled user dll's ...
Registered in 0.001542 seconds.
Begin MonoManager ReloadAssembly
Native extension for WindowsStandalone target not found
Refreshing native plugins compatible for Editor in 0.55 ms, found 1 plugins.
Preloading 0 native plugins for Editor in 0.00 ms.
Mono: successfully reloaded assembly
- Completed reload, in  1.356 seconds
Platform modules already initialized, skipping
Shader 'Universal Render Pipeline/Particles/Lit': fallback shader 'Universal Render Pipeline/Particles/SimpleLit' not found
Refreshing native plugins compatible for Editor in 0.61 ms, found 1 plugins.
Preloading 0 native plugins for Editor in 0.00 ms.
Unloading 2885 Unused Serialized files (Serialized files now loaded: 0)
System memory in use before: 216.9 MB.
System memory in use after: 217.0 MB.

Unloading 12 unused Assets to reduce memory usage. Loaded Objects now: 3630.
Total: 4.162600 ms (FindLiveObjects: 0.485200 ms CreateObjectMapping: 0.283400 ms MarkObjects: 3.236800 ms  DeleteObjects: 0.155700 ms)

========================================================================
Received Prepare
Registering precompiled user dll's ...
Registered in 0.002180 seconds.
Begin MonoManager ReloadAssembly
Native extension for WindowsStandalone target not found
Refreshing native plugins compatible for Editor in 0.58 ms, found 1 plugins.
Preloading 0 native plugins for Editor in 0.00 ms.
Mono: successfully reloaded assembly
- Completed reload, in  1.302 seconds
Platform modules already initialized, skipping
Shader 'Universal Render Pipeline/Particles/Lit': fallback shader 'Universal Render Pipeline/Particles/SimpleLit' not found
Refreshing native plugins compatible for Editor in 0.63 ms, found 1 plugins.
Preloading 0 native plugins for Editor in 0.00 ms.
Unloading 2885 Unused Serialized files (Serialized files now loaded: 0)
System memory in use before: 216.9 MB.
System memory in use after: 217.0 MB.

Unloading 12 unused Assets to reduce memory usage. Loaded Objects now: 3634.
Total: 4.077800 ms (FindLiveObjects: 0.392200 ms CreateObjectMapping: 0.278200 ms MarkObjects: 3.253700 ms  DeleteObjects: 0.152100 ms)

========================================================================
Received Prepare
Registering precompiled user dll's ...
Registered in 0.001414 seconds.
Begin MonoManager ReloadAssembly
Native extension for WindowsStandalone target not found
Refreshing native plugins compatible for Editor in 0.57 ms, found 1 plugins.
Preloading 0 native plugins for Editor in 0.00 ms.
Mono: successfully reloaded assembly
- Completed reload, in  1.270 seconds
Platform modules already initialized, skipping
Shader 'Universal Render Pipeline/Particles/Lit': fallback shader 'Universal Render Pipeline/Particles/SimpleLit' not found
Refreshing native plugins compatible for Editor in 0.57 ms, found 1 plugins.
Preloading 0 native plugins for Editor in 0.00 ms.
Unloading 2885 Unused Serialized files (Serialized files now loaded: 0)
System memory in use before: 216.9 MB.
System memory in use after: 217.0 MB.

Unloading 12 unused Assets to reduce memory usage. Loaded Objects now: 3638.
Total: 4.267100 ms (FindLiveObjects: 0.374800 ms CreateObjectMapping: 0.225300 ms MarkObjects: 3.493900 ms  DeleteObjects: 0.171900 ms)

========================================================================
Received Prepare
Registering precompiled user dll's ...
Registered in 0.001487 seconds.
Begin MonoManager ReloadAssembly
Native extension for WindowsStandalone target not found
Refreshing native plugins compatible for Editor in 0.56 ms, found 1 plugins.
Preloading 0 native plugins for Editor in 0.00 ms.
Mono: successfully reloaded assembly
- Completed reload, in  1.258 seconds
Platform modules already initialized, skipping
Shader 'Universal Render Pipeline/Particles/Lit': fallback shader 'Universal Render Pipeline/Particles/SimpleLit' not found
Refreshing native plugins compatible for Editor in 1.38 ms, found 1 plugins.
Preloading 0 native plugins for Editor in 0.00 ms.
Unloading 2885 Unused Serialized files (Serialized files now loaded: 0)
System memory in use before: 216.9 MB.
System memory in use after: 217.0 MB.

Unloading 12 unused Assets to reduce memory usage. Loaded Objects now: 3642.
Total: 6.695400 ms (FindLiveObjects: 0.666000 ms CreateObjectMapping: 0.384500 ms MarkObjects: 5.430200 ms  DeleteObjects: 0.212300 ms)

========================================================================
Received Prepare
Registering precompiled user dll's ...
Registered in 0.001435 seconds.
Begin MonoManager ReloadAssembly
Native extension for WindowsStandalone target not found
Refreshing native plugins compatible for Editor in 0.57 ms, found 1 plugins.
Preloading 0 native plugins for Editor in 0.00 ms.
Mono: successfully reloaded assembly
- Completed reload, in  1.280 seconds
Platform modules already initialized, skipping
Shader 'Universal Render Pipeline/Particles/Lit': fallback shader 'Universal Render Pipeline/Particles/SimpleLit' not found
Refreshing native plugins compatible for Editor in 0.64 ms, found 1 plugins.
Preloading 0 native plugins for Editor in 0.00 ms.
Unloading 2885 Unused Serialized files (Serialized files now loaded: 0)
System memory in use before: 216.9 MB.
System memory in use after: 217.0 MB.

Unloading 12 unused Assets to reduce memory usage. Loaded Objects now: 3646.
Total: 4.089700 ms (FindLiveObjects: 0.457900 ms CreateObjectMapping: 0.291400 ms MarkObjects: 3.196700 ms  DeleteObjects: 0.141900 ms)

========================================================================
Received Prepare
Registering precompiled user dll's ...
Registered in 0.001424 seconds.
Begin MonoManager ReloadAssembly
Native extension for WindowsStandalone target not found
Refreshing native plugins compatible for Editor in 0.87 ms, found 1 plugins.
Preloading 0 native plugins for Editor in 0.00 ms.
Mono: successfully reloaded assembly
- Completed reload, in  1.313 seconds
Platform modules already initialized, skipping
Shader 'Universal Render Pipeline/Particles/Lit': fallback shader 'Universal Render Pipeline/Particles/SimpleLit' not found
Refreshing native plugins compatible for Editor in 0.76 ms, found 1 plugins.
Preloading 0 native plugins for Editor in 0.00 ms.
Unloading 2885 Unused Serialized files (Serialized files now loaded: 0)
System memory in use before: 216.9 MB.
System memory in use after: 217.0 MB.

Unloading 12 unused Assets to reduce memory usage. Loaded Objects now: 3650.
Total: 3.879700 ms (FindLiveObjects: 0.412200 ms CreateObjectMapping: 0.293300 ms MarkObjects: 3.039700 ms  DeleteObjects: 0.132800 ms)

========================================================================
Received Prepare
Registering precompiled user dll's ...
Registered in 0.002147 seconds.
Begin MonoManager ReloadAssembly
Native extension for WindowsStandalone target not found
Refreshing native plugins compatible for Editor in 0.56 ms, found 1 plugins.
Preloading 0 native plugins for Editor in 0.00 ms.
Mono: successfully reloaded assembly
- Completed reload, in  1.295 seconds
Platform modules already initialized, skipping
Shader 'Universal Render Pipeline/Particles/Lit': fallback shader 'Universal Render Pipeline/Particles/SimpleLit' not found
Refreshing native plugins compatible for Editor in 1.18 ms, found 1 plugins.
Preloading 0 native plugins for Editor in 0.00 ms.
Unloading 2885 Unused Serialized files (Serialized files now loaded: 0)
System memory in use before: 216.9 MB.
System memory in use after: 217.0 MB.

Unloading 12 unused Assets to reduce memory usage. Loaded Objects now: 3654.
Total: 4.329800 ms (FindLiveObjects: 0.470400 ms CreateObjectMapping: 0.300200 ms MarkObjects: 3.409400 ms  DeleteObjects: 0.148400 ms)

========================================================================
Received Prepare
Registering precompiled user dll's ...
Registered in 0.001425 seconds.
Begin MonoManager ReloadAssembly
Native extension for WindowsStandalone target not found
Refreshing native plugins compatible for Editor in 0.56 ms, found 1 plugins.
Preloading 0 native plugins for Editor in 0.00 ms.
Mono: successfully reloaded assembly
- Completed reload, in  1.292 seconds
Platform modules already initialized, skipping
Shader 'Universal Render Pipeline/Particles/Lit': fallback shader 'Universal Render Pipeline/Particles/SimpleLit' not found
Refreshing native plugins compatible for Editor in 0.60 ms, found 1 plugins.
Preloading 0 native plugins for Editor in 0.00 ms.
Unloading 2885 Unused Serialized files (Serialized files now loaded: 0)
System memory in use before: 216.9 MB.
System memory in use after: 217.0 MB.

Unloading 12 unused Assets to reduce memory usage. Loaded Objects now: 3658.
Total: 4.002700 ms (FindLiveObjects: 0.452300 ms CreateObjectMapping: 0.234100 ms MarkObjects: 3.184300 ms  DeleteObjects: 0.130300 ms)

========================================================================
Received Prepare
Registering precompiled user dll's ...
Registered in 0.002239 seconds.
Begin MonoManager ReloadAssembly
Native extension for WindowsStandalone target not found
Refreshing native plugins compatible for Editor in 0.86 ms, found 1 plugins.
Preloading 0 native plugins for Editor in 0.00 ms.
Mono: successfully reloaded assembly
- Completed reload, in  1.293 seconds
Platform modules already initialized, skipping
Shader 'Universal Render Pipeline/Particles/Lit': fallback shader 'Universal Render Pipeline/Particles/SimpleLit' not found
Refreshing native plugins compatible for Editor in 0.56 ms, found 1 plugins.
Preloading 0 native plugins for Editor in 0.00 ms.
Unloading 2885 Unused Serialized files (Serialized files now loaded: 0)
System memory in use before: 217.0 MB.
System memory in use after: 217.1 MB.

Unloading 12 unused Assets to reduce memory usage. Loaded Objects now: 3662.
Total: 4.358400 ms (FindLiveObjects: 0.697700 ms CreateObjectMapping: 0.347300 ms MarkObjects: 3.159600 ms  DeleteObjects: 0.152300 ms)

========================================================================
Received Prepare
Registering precompiled user dll's ...
Registered in 0.002208 seconds.
Begin MonoManager ReloadAssembly
Native extension for WindowsStandalone target not found
Refreshing native plugins compatible for Editor in 0.62 ms, found 1 plugins.
Preloading 0 native plugins for Editor in 0.00 ms.
Mono: successfully reloaded assembly
- Completed reload, in  1.533 seconds
Platform modules already initialized, skipping
Shader 'Universal Render Pipeline/Particles/Lit': fallback shader 'Universal Render Pipeline/Particles/SimpleLit' not found
Refreshing native plugins compatible for Editor in 0.76 ms, found 1 plugins.
Preloading 0 native plugins for Editor in 0.00 ms.
Unloading 2885 Unused Serialized files (Serialized files now loaded: 0)
System memory in use before: 217.0 MB.
System memory in use after: 217.1 MB.

Unloading 12 unused Assets to reduce memory usage. Loaded Objects now: 3666.
Total: 4.196200 ms (FindLiveObjects: 0.515900 ms CreateObjectMapping: 0.293500 ms MarkObjects: 3.237000 ms  DeleteObjects: 0.147900 ms)

========================================================================
Received Prepare
Registering precompiled user dll's ...
Registered in 0.001933 seconds.
Begin MonoManager ReloadAssembly
Native extension for WindowsStandalone target not found
Refreshing native plugins compatible for Editor in 1.44 ms, found 1 plugins.
Preloading 0 native plugins for Editor in 0.00 ms.
Mono: successfully reloaded assembly
- Completed reload, in  1.438 seconds
Platform modules already initialized, skipping
Shader 'Universal Render Pipeline/Particles/Lit': fallback shader 'Universal Render Pipeline/Particles/SimpleLit' not found
Refreshing native plugins compatible for Editor in 0.64 ms, found 1 plugins.
Preloading 0 native plugins for Editor in 0.00 ms.
Unloading 2885 Unused Serialized files (Serialized files now loaded: 0)
System memory in use before: 217.0 MB.
System memory in use after: 217.1 MB.

Unloading 12 unused Assets to reduce memory usage. Loaded Objects now: 3670.
Total: 5.083400 ms (FindLiveObjects: 0.812400 ms CreateObjectMapping: 0.395500 ms MarkObjects: 3.710900 ms  DeleteObjects: 0.163000 ms)

========================================================================
Received Prepare
Registering precompiled user dll's ...
Registered in 0.001411 seconds.
Begin MonoManager ReloadAssembly
Native extension for WindowsStandalone target not found
Refreshing native plugins compatible for Editor in 0.92 ms, found 1 plugins.
Preloading 0 native plugins for Editor in 0.00 ms.
Mono: successfully reloaded assembly
- Completed reload, in  1.320 seconds
Platform modules already initialized, skipping
Shader 'Universal Render Pipeline/Particles/Lit': fallback shader 'Universal Render Pipeline/Particles/SimpleLit' not found
Refreshing native plugins compatible for Editor in 0.62 ms, found 1 plugins.
Preloading 0 native plugins for Editor in 0.00 ms.
Unloading 2885 Unused Serialized files (Serialized files now loaded: 0)
System memory in use before: 217.0 MB.
System memory in use after: 217.1 MB.

Unloading 12 unused Assets to reduce memory usage. Loaded Objects now: 3674.
Total: 7.212200 ms (FindLiveObjects: 0.815600 ms CreateObjectMapping: 0.357300 ms MarkObjects: 5.260500 ms  DeleteObjects: 0.776300 ms)

========================================================================
Received Prepare
Registering precompiled user dll's ...
Registered in 0.001482 seconds.
Begin MonoManager ReloadAssembly
Native extension for WindowsStandalone target not found
Refreshing native plugins compatible for Editor in 0.57 ms, found 1 plugins.
Preloading 0 native plugins for Editor in 0.00 ms.
Mono: successfully reloaded assembly
- Completed reload, in  1.256 seconds
Platform modules already initialized, skipping
Shader 'Universal Render Pipeline/Particles/Lit': fallback shader 'Universal Render Pipeline/Particles/SimpleLit' not found
Refreshing native plugins compatible for Editor in 0.52 ms, found 1 plugins.
Preloading 0 native plugins for Editor in 0.00 ms.
Unloading 2885 Unused Serialized files (Serialized files now loaded: 0)
System memory in use before: 217.0 MB.
System memory in use after: 217.1 MB.

Unloading 12 unused Assets to reduce memory usage. Loaded Objects now: 3678.
Total: 4.352300 ms (FindLiveObjects: 0.642100 ms CreateObjectMapping: 0.422400 ms MarkObjects: 3.140100 ms  DeleteObjects: 0.145900 ms)

========================================================================
Received Prepare
Registering precompiled user dll's ...
Registered in 0.001530 seconds.
Begin MonoManager ReloadAssembly
Native extension for WindowsStandalone target not found
Refreshing native plugins compatible for Editor in 0.56 ms, found 1 plugins.
Preloading 0 native plugins for Editor in 0.00 ms.
Mono: successfully reloaded assembly
- Completed reload, in  1.307 seconds
Platform modules already initialized, skipping
Shader 'Universal Render Pipeline/Particles/Lit': fallback shader 'Universal Render Pipeline/Particles/SimpleLit' not found
Refreshing native plugins compatible for Editor in 0.54 ms, found 1 plugins.
Preloading 0 native plugins for Editor in 0.00 ms.
Unloading 2885 Unused Serialized files (Serialized files now loaded: 0)
System memory in use before: 217.0 MB.
System memory in use after: 217.1 MB.

Unloading 12 unused Assets to reduce memory usage. Loaded Objects now: 3682.
Total: 4.319800 ms (FindLiveObjects: 0.609000 ms CreateObjectMapping: 0.281300 ms MarkObjects: 3.271000 ms  DeleteObjects: 0.157000 ms)

========================================================================
Received Prepare
Registering precompiled user dll's ...
Registered in 0.002190 seconds.
Begin MonoManager ReloadAssembly
Native extension for WindowsStandalone target not found
Refreshing native plugins compatible for Editor in 0.56 ms, found 1 plugins.
Preloading 0 native plugins for Editor in 0.00 ms.
Mono: successfully reloaded assembly
- Completed reload, in  1.288 seconds
Platform modules already initialized, skipping
Shader 'Universal Render Pipeline/Particles/Lit': fallback shader 'Universal Render Pipeline/Particles/SimpleLit' not found
Refreshing native plugins compatible for Editor in 0.62 ms, found 1 plugins.
Preloading 0 native plugins for Editor in 0.00 ms.
Unloading 2885 Unused Serialized files (Serialized files now loaded: 0)
System memory in use before: 217.0 MB.
System memory in use after: 217.1 MB.

Unloading 12 unused Assets to reduce memory usage. Loaded Objects now: 3686.
Total: 3.851300 ms (FindLiveObjects: 0.364100 ms CreateObjectMapping: 0.245600 ms MarkObjects: 3.095400 ms  DeleteObjects: 0.145000 ms)

========================================================================
Received Prepare
Registering precompiled user dll's ...
Registered in 0.001371 seconds.
Begin MonoManager ReloadAssembly
Native extension for WindowsStandalone target not found
Refreshing native plugins compatible for Editor in 0.60 ms, found 1 plugins.
Preloading 0 native plugins for Editor in 0.00 ms.
Mono: successfully reloaded assembly
- Completed reload, in  1.287 seconds
Platform modules already initialized, skipping
Shader 'Universal Render Pipeline/Particles/Lit': fallback shader 'Universal Render Pipeline/Particles/SimpleLit' not found
Refreshing native plugins compatible for Editor in 0.75 ms, found 1 plugins.
Preloading 0 native plugins for Editor in 0.00 ms.
Unloading 2885 Unused Serialized files (Serialized files now loaded: 0)
System memory in use before: 217.0 MB.
System memory in use after: 217.1 MB.

Unloading 12 unused Assets to reduce memory usage. Loaded Objects now: 3690.
Total: 4.173900 ms (FindLiveObjects: 0.661300 ms CreateObjectMapping: 0.318700 ms MarkObjects: 3.036900 ms  DeleteObjects: 0.153300 ms)

========================================================================
Received Prepare
Registering precompiled user dll's ...
Registered in 0.002203 seconds.
Begin MonoManager ReloadAssembly
Native extension for WindowsStandalone target not found
Refreshing native plugins compatible for Editor in 0.59 ms, found 1 plugins.
Preloading 0 native plugins for Editor in 0.00 ms.
Mono: successfully reloaded assembly
- Completed reload, in  1.214 seconds
Platform modules already initialized, skipping
Shader 'Universal Render Pipeline/Particles/Lit': fallback shader 'Universal Render Pipeline/Particles/SimpleLit' not found
Refreshing native plugins compatible for Editor in 0.57 ms, found 1 plugins.
Preloading 0 native plugins for Editor in 0.00 ms.
Unloading 2885 Unused Serialized files (Serialized files now loaded: 0)
System memory in use before: 217.0 MB.
System memory in use after: 217.2 MB.

Unloading 12 unused Assets to reduce memory usage. Loaded Objects now: 3694.
Total: 4.650200 ms (FindLiveObjects: 0.472600 ms CreateObjectMapping: 0.387500 ms MarkObjects: 3.640800 ms  DeleteObjects: 0.147800 ms)

========================================================================
Received Import Request.
  Time since last request: 1837.502147 seconds.
  path: Assets/Scenes/Scene 1 Alternate.unity
  artifactKey: Guid(29fac75a99fc6f746831a6f3ecca753f) Importer(815301076,1909f56bfc062723c751e8b465ee728b)
Start importing Assets/Scenes/Scene 1 Alternate.unity using Guid(29fac75a99fc6f746831a6f3ecca753f) Importer(815301076,1909f56bfc062723c751e8b465ee728b)  -> (artifact id: '45617ec3875a9b2d2f04b5ab23b815f6') in 0.034446 seconds 
========================================================================
Received Prepare
Registering precompiled user dll's ...
Registered in 0.001351 seconds.
Begin MonoManager ReloadAssembly
Native extension for WindowsStandalone target not found
Refreshing native plugins compatible for Editor in 0.69 ms, found 1 plugins.
Preloading 0 native plugins for Editor in 0.00 ms.
Mono: successfully reloaded assembly
- Completed reload, in  1.241 seconds
Platform modules already initialized, skipping
Shader 'Universal Render Pipeline/Particles/Lit': fallback shader 'Universal Render Pipeline/Particles/SimpleLit' not found
Refreshing native plugins compatible for Editor in 0.56 ms, found 1 plugins.
Preloading 0 native plugins for Editor in 0.00 ms.
Unloading 2885 Unused Serialized files (Serialized files now loaded: 0)
System memory in use before: 217.1 MB.
System memory in use after: 217.2 MB.

Unloading 12 unused Assets to reduce memory usage. Loaded Objects now: 3698.
Total: 4.370700 ms (FindLiveObjects: 0.397700 ms CreateObjectMapping: 0.237100 ms MarkObjects: 3.583800 ms  DeleteObjects: 0.150700 ms)

========================================================================
Received Import Request.
  Time since last request: 26.019827 seconds.
  path: Assets/Scenes/Scene 1.unity
  artifactKey: Guid(2cda990e2423bbf4892e6590ba056729) Importer(815301076,1909f56bfc062723c751e8b465ee728b)
Start importing Assets/Scenes/Scene 1.unity using Guid(2cda990e2423bbf4892e6590ba056729) Importer(815301076,1909f56bfc062723c751e8b465ee728b)  -> (artifact id: 'b6a4e0cddea4f27f563e8761525f5a99') in 0.018859 seconds 
========================================================================
Received Prepare
Registering precompiled user dll's ...
Registered in 0.002129 seconds.
Begin MonoManager ReloadAssembly
Native extension for WindowsStandalone target not found
Refreshing native plugins compatible for Editor in 0.59 ms, found 1 plugins.
Preloading 0 native plugins for Editor in 0.00 ms.
Mono: successfully reloaded assembly
- Completed reload, in  1.315 seconds
Platform modules already initialized, skipping
Shader 'Universal Render Pipeline/Particles/Lit': fallback shader 'Universal Render Pipeline/Particles/SimpleLit' not found
Refreshing native plugins compatible for Editor in 0.86 ms, found 1 plugins.
Preloading 0 native plugins for Editor in 0.00 ms.
Unloading 2885 Unused Serialized files (Serialized files now loaded: 0)
System memory in use before: 217.1 MB.
System memory in use after: 217.2 MB.

Unloading 12 unused Assets to reduce memory usage. Loaded Objects now: 3702.
Total: 4.785500 ms (FindLiveObjects: 0.850400 ms CreateObjectMapping: 0.354800 ms MarkObjects: 3.402500 ms  DeleteObjects: 0.175700 ms)

========================================================================
Received Prepare
Registering precompiled user dll's ...
Registered in 0.001677 seconds.
Begin MonoManager ReloadAssembly
Native extension for WindowsStandalone target not found
Refreshing native plugins compatible for Editor in 0.90 ms, found 1 plugins.
Preloading 0 native plugins for Editor in 0.00 ms.
Mono: successfully reloaded assembly
- Completed reload, in  1.297 seconds
Platform modules already initialized, skipping
Shader 'Universal Render Pipeline/Particles/Lit': fallback shader 'Universal Render Pipeline/Particles/SimpleLit' not found
Refreshing native plugins compatible for Editor in 0.53 ms, found 1 plugins.
Preloading 0 native plugins for Editor in 0.00 ms.
Unloading 2885 Unused Serialized files (Serialized files now loaded: 0)
System memory in use before: 217.1 MB.
System memory in use after: 217.2 MB.

Unloading 12 unused Assets to reduce memory usage. Loaded Objects now: 3706.
Total: 4.628700 ms (FindLiveObjects: 0.558300 ms CreateObjectMapping: 0.440600 ms MarkObjects: 3.474000 ms  DeleteObjects: 0.153800 ms)

========================================================================
Received Prepare
Registering precompiled user dll's ...
Registered in 0.001422 seconds.
Begin MonoManager ReloadAssembly
Native extension for WindowsStandalone target not found
Refreshing native plugins compatible for Editor in 0.54 ms, found 1 plugins.
Preloading 0 native plugins for Editor in 0.00 ms.
Mono: successfully reloaded assembly
- Completed reload, in  1.286 seconds
Platform modules already initialized, skipping
Shader 'Universal Render Pipeline/Particles/Lit': fallback shader 'Universal Render Pipeline/Particles/SimpleLit' not found
Refreshing native plugins compatible for Editor in 0.64 ms, found 1 plugins.
Preloading 0 native plugins for Editor in 0.00 ms.
Unloading 2885 Unused Serialized files (Serialized files now loaded: 0)
System memory in use before: 217.1 MB.
System memory in use after: 217.2 MB.

Unloading 12 unused Assets to reduce memory usage. Loaded Objects now: 3710.
Total: 4.236000 ms (FindLiveObjects: 0.524800 ms CreateObjectMapping: 0.296100 ms MarkObjects: 3.271000 ms  DeleteObjects: 0.143000 ms)

========================================================================
Received Import Request.
  Time since last request: 138.206419 seconds.
  path: Assets/Scenes/Scene 1 Alternate.unity
  artifactKey: Guid(29fac75a99fc6f746831a6f3ecca753f) Importer(815301076,1909f56bfc062723c751e8b465ee728b)
Start importing Assets/Scenes/Scene 1 Alternate.unity using Guid(29fac75a99fc6f746831a6f3ecca753f) Importer(815301076,1909f56bfc062723c751e8b465ee728b)  -> (artifact id: 'eb4877ed1e7b1a5ef05aad091b87b264') in 0.036939 seconds 
========================================================================
Received Prepare
Registering precompiled user dll's ...
Registered in 0.001376 seconds.
Begin MonoManager ReloadAssembly
Native extension for WindowsStandalone target not found
Refreshing native plugins compatible for Editor in 0.59 ms, found 1 plugins.
Preloading 0 native plugins for Editor in 0.00 ms.
Mono: successfully reloaded assembly
- Completed reload, in  1.930 seconds
Platform modules already initialized, skipping
Shader 'Universal Render Pipeline/Particles/Lit': fallback shader 'Universal Render Pipeline/Particles/SimpleLit' not found
Refreshing native plugins compatible for Editor in 1.13 ms, found 1 plugins.
Preloading 0 native plugins for Editor in 0.00 ms.
Unloading 2886 Unused Serialized files (Serialized files now loaded: 0)
System memory in use before: 217.1 MB.
System memory in use after: 217.2 MB.

Unloading 12 unused Assets to reduce memory usage. Loaded Objects now: 3715.
Total: 6.411000 ms (FindLiveObjects: 0.594700 ms CreateObjectMapping: 0.387900 ms MarkObjects: 5.226700 ms  DeleteObjects: 0.199700 ms)

========================================================================
Received Prepare
Registering precompiled user dll's ...
Registered in 0.001222 seconds.
Begin MonoManager ReloadAssembly
Native extension for WindowsStandalone target not found
Refreshing native plugins compatible for Editor in 0.60 ms, found 1 plugins.
Preloading 0 native plugins for Editor in 0.00 ms.
Mono: successfully reloaded assembly
- Completed reload, in  1.295 seconds
Platform modules already initialized, skipping
Shader 'Universal Render Pipeline/Particles/Lit': fallback shader 'Universal Render Pipeline/Particles/SimpleLit' not found
Refreshing native plugins compatible for Editor in 0.84 ms, found 1 plugins.
Preloading 0 native plugins for Editor in 0.00 ms.
Unloading 2886 Unused Serialized files (Serialized files now loaded: 0)
System memory in use before: 217.1 MB.
System memory in use after: 217.2 MB.

Unloading 12 unused Assets to reduce memory usage. Loaded Objects now: 3719.
Total: 3.996800 ms (FindLiveObjects: 0.473300 ms CreateObjectMapping: 0.275200 ms MarkObjects: 3.106100 ms  DeleteObjects: 0.140000 ms)

========================================================================
Received Prepare
Registering precompiled user dll's ...
Registered in 0.001387 seconds.
Begin MonoManager ReloadAssembly
Native extension for WindowsStandalone target not found
Refreshing native plugins compatible for Editor in 0.67 ms, found 1 plugins.
Preloading 0 native plugins for Editor in 0.00 ms.
Mono: successfully reloaded assembly
- Completed reload, in  1.276 seconds
Platform modules already initialized, skipping
Shader 'Universal Render Pipeline/Particles/Lit': fallback shader 'Universal Render Pipeline/Particles/SimpleLit' not found
Refreshing native plugins compatible for Editor in 0.59 ms, found 1 plugins.
Preloading 0 native plugins for Editor in 0.00 ms.
Unloading 2886 Unused Serialized files (Serialized files now loaded: 0)
System memory in use before: 217.1 MB.
System memory in use after: 217.3 MB.

Unloading 12 unused Assets to reduce memory usage. Loaded Objects now: 3723.
Total: 4.128800 ms (FindLiveObjects: 0.342800 ms CreateObjectMapping: 0.232000 ms MarkObjects: 3.420100 ms  DeleteObjects: 0.132300 ms)

========================================================================
Received Prepare
Registering precompiled user dll's ...
Registered in 0.001372 seconds.
Begin MonoManager ReloadAssembly
Native extension for WindowsStandalone target not found
Refreshing native plugins compatible for Editor in 0.58 ms, found 1 plugins.
Preloading 0 native plugins for Editor in 0.00 ms.
Mono: successfully reloaded assembly
- Completed reload, in  1.300 seconds
Platform modules already initialized, skipping
Shader 'Universal Render Pipeline/Particles/Lit': fallback shader 'Universal Render Pipeline/Particles/SimpleLit' not found
Refreshing native plugins compatible for Editor in 0.60 ms, found 1 plugins.
Preloading 0 native plugins for Editor in 0.00 ms.
Unloading 2886 Unused Serialized files (Serialized files now loaded: 0)
System memory in use before: 217.1 MB.
System memory in use after: 217.3 MB.

Unloading 12 unused Assets to reduce memory usage. Loaded Objects now: 3727.
Total: 4.156700 ms (FindLiveObjects: 0.481900 ms CreateObjectMapping: 0.356200 ms MarkObjects: 3.182500 ms  DeleteObjects: 0.134700 ms)

========================================================================
Received Prepare
Registering precompiled user dll's ...
Registered in 0.001417 seconds.
Begin MonoManager ReloadAssembly
Native extension for WindowsStandalone target not found
Refreshing native plugins compatible for Editor in 0.53 ms, found 1 plugins.
Preloading 0 native plugins for Editor in 0.00 ms.
Mono: successfully reloaded assembly
- Completed reload, in  1.186 seconds
Platform modules already initialized, skipping
Shader 'Universal Render Pipeline/Particles/Lit': fallback shader 'Universal Render Pipeline/Particles/SimpleLit' not found
Refreshing native plugins compatible for Editor in 0.55 ms, found 1 plugins.
Preloading 0 native plugins for Editor in 0.00 ms.
Unloading 2886 Unused Serialized files (Serialized files now loaded: 0)
System memory in use before: 217.2 MB.
System memory in use after: 217.3 MB.

Unloading 12 unused Assets to reduce memory usage. Loaded Objects now: 3731.
Total: 4.147600 ms (FindLiveObjects: 0.536900 ms CreateObjectMapping: 0.260300 ms MarkObjects: 3.215500 ms  DeleteObjects: 0.132800 ms)

========================================================================
Received Prepare
Registering precompiled user dll's ...
Registered in 0.001757 seconds.
Begin MonoManager ReloadAssembly
Native extension for WindowsStandalone target not found
Refreshing native plugins compatible for Editor in 0.62 ms, found 1 plugins.
Preloading 0 native plugins for Editor in 0.00 ms.
Mono: successfully reloaded assembly
- Completed reload, in  1.312 seconds
Platform modules already initialized, skipping
Shader 'Universal Render Pipeline/Particles/Lit': fallback shader 'Universal Render Pipeline/Particles/SimpleLit' not found
Refreshing native plugins compatible for Editor in 0.92 ms, found 1 plugins.
Preloading 0 native plugins for Editor in 0.00 ms.
Unloading 2886 Unused Serialized files (Serialized files now loaded: 0)
System memory in use before: 217.2 MB.
System memory in use after: 217.3 MB.

Unloading 12 unused Assets to reduce memory usage. Loaded Objects now: 3735.
Total: 5.830900 ms (FindLiveObjects: 0.634800 ms CreateObjectMapping: 0.342800 ms MarkObjects: 4.667400 ms  DeleteObjects: 0.184000 ms)

========================================================================
Received Import Request.
  Time since last request: 265.583540 seconds.
  path: Assets/Scenes/Scene 1 Alternate.unity
  artifactKey: Guid(29fac75a99fc6f746831a6f3ecca753f) Importer(815301076,1909f56bfc062723c751e8b465ee728b)
Start importing Assets/Scenes/Scene 1 Alternate.unity using Guid(29fac75a99fc6f746831a6f3ecca753f) Importer(815301076,1909f56bfc062723c751e8b465ee728b)  -> (artifact id: 'a567f7de95251cd20d93ecdd16c63dc7') in 0.048260 seconds 
========================================================================
Received Prepare
Registering precompiled user dll's ...
Registered in 0.002106 seconds.
Begin MonoManager ReloadAssembly
Native extension for WindowsStandalone target not found
Refreshing native plugins compatible for Editor in 0.99 ms, found 1 plugins.
Preloading 0 native plugins for Editor in 0.00 ms.
Mono: successfully reloaded assembly
- Completed reload, in  1.185 seconds
Platform modules already initialized, skipping
Shader 'Universal Render Pipeline/Particles/Lit': fallback shader 'Universal Render Pipeline/Particles/SimpleLit' not found
Refreshing native plugins compatible for Editor in 0.56 ms, found 1 plugins.
Preloading 0 native plugins for Editor in 0.00 ms.
Unloading 2886 Unused Serialized files (Serialized files now loaded: 0)
System memory in use before: 217.2 MB.
System memory in use after: 217.3 MB.

Unloading 12 unused Assets to reduce memory usage. Loaded Objects now: 3739.
Total: 4.041400 ms (FindLiveObjects: 0.395000 ms CreateObjectMapping: 0.216900 ms MarkObjects: 3.276300 ms  DeleteObjects: 0.151700 ms)

========================================================================
Received Import Request.
  Time since last request: 349.610007 seconds.
  path: Assets/Scenes/Scene 1 Alternate.unity
  artifactKey: Guid(29fac75a99fc6f746831a6f3ecca753f) Importer(815301076,1909f56bfc062723c751e8b465ee728b)
Start importing Assets/Scenes/Scene 1 Alternate.unity using Guid(29fac75a99fc6f746831a6f3ecca753f) Importer(815301076,1909f56bfc062723c751e8b465ee728b)  -> (artifact id: '5a902e7d8df82c9bc72d10e24483eac0') in 0.019679 seconds 
========================================================================
Received Prepare
Registering precompiled user dll's ...
Registered in 0.001387 seconds.
Begin MonoManager ReloadAssembly
Native extension for WindowsStandalone target not found
Refreshing native plugins compatible for Editor in 0.53 ms, found 1 plugins.
Preloading 0 native plugins for Editor in 0.00 ms.
Mono: successfully reloaded assembly
- Completed reload, in  1.248 seconds
Platform modules already initialized, skipping
Shader 'Universal Render Pipeline/Particles/Lit': fallback shader 'Universal Render Pipeline/Particles/SimpleLit' not found
Refreshing native plugins compatible for Editor in 0.52 ms, found 1 plugins.
Preloading 0 native plugins for Editor in 0.00 ms.
Unloading 2886 Unused Serialized files (Serialized files now loaded: 0)
System memory in use before: 217.2 MB.
System memory in use after: 217.3 MB.

Unloading 12 unused Assets to reduce memory usage. Loaded Objects now: 3743.
Total: 4.365700 ms (FindLiveObjects: 0.776200 ms CreateObjectMapping: 0.372800 ms MarkObjects: 3.060600 ms  DeleteObjects: 0.154300 ms)

========================================================================
Received Import Request.
  Time since last request: 186.194131 seconds.
  path: Assets/Scenes/Scene 1 Alternate.unity
  artifactKey: Guid(29fac75a99fc6f746831a6f3ecca753f) Importer(815301076,1909f56bfc062723c751e8b465ee728b)
Start importing Assets/Scenes/Scene 1 Alternate.unity using Guid(29fac75a99fc6f746831a6f3ecca753f) Importer(815301076,1909f56bfc062723c751e8b465ee728b)  -> (artifact id: '462ba1825fca61a1f590e72e5dcfe272') in 0.021034 seconds 
========================================================================
Received Prepare
Registering precompiled user dll's ...
Registered in 0.001431 seconds.
Begin MonoManager ReloadAssembly
Native extension for WindowsStandalone target not found
Refreshing native plugins compatible for Editor in 0.61 ms, found 1 plugins.
Preloading 0 native plugins for Editor in 0.00 ms.
Mono: successfully reloaded assembly
- Completed reload, in  1.277 seconds
Platform modules already initialized, skipping
Shader 'Universal Render Pipeline/Particles/Lit': fallback shader 'Universal Render Pipeline/Particles/SimpleLit' not found
Refreshing native plugins compatible for Editor in 0.58 ms, found 1 plugins.
Preloading 0 native plugins for Editor in 0.00 ms.
Unloading 2886 Unused Serialized files (Serialized files now loaded: 0)
System memory in use before: 217.2 MB.
System memory in use after: 217.3 MB.

Unloading 12 unused Assets to reduce memory usage. Loaded Objects now: 3747.
Total: 5.092100 ms (FindLiveObjects: 0.900300 ms CreateObjectMapping: 0.291200 ms MarkObjects: 3.754900 ms  DeleteObjects: 0.144400 ms)

========================================================================
Received Prepare
Registering precompiled user dll's ...
Registered in 0.001373 seconds.
Begin MonoManager ReloadAssembly
Native extension for WindowsStandalone target not found
Refreshing native plugins compatible for Editor in 0.54 ms, found 1 plugins.
Preloading 0 native plugins for Editor in 0.00 ms.
Mono: successfully reloaded assembly
- Completed reload, in  1.224 seconds
Platform modules already initialized, skipping
Shader 'Universal Render Pipeline/Particles/Lit': fallback shader 'Universal Render Pipeline/Particles/SimpleLit' not found
Refreshing native plugins compatible for Editor in 0.52 ms, found 1 plugins.
Preloading 0 native plugins for Editor in 0.00 ms.
Unloading 2886 Unused Serialized files (Serialized files now loaded: 0)
System memory in use before: 217.2 MB.
System memory in use after: 217.3 MB.

Unloading 12 unused Assets to reduce memory usage. Loaded Objects now: 3751.
Total: 3.704100 ms (FindLiveObjects: 0.398300 ms CreateObjectMapping: 0.240100 ms MarkObjects: 2.913700 ms  DeleteObjects: 0.150700 ms)

========================================================================
Received Prepare
Registering precompiled user dll's ...
Registered in 0.001736 seconds.
Begin MonoManager ReloadAssembly
Native extension for WindowsStandalone target not found
Refreshing native plugins compatible for Editor in 0.85 ms, found 1 plugins.
Preloading 0 native plugins for Editor in 0.00 ms.
Mono: successfully reloaded assembly
- Completed reload, in  1.468 seconds
Platform modules already initialized, skipping
Shader 'Universal Render Pipeline/Particles/Lit': fallback shader 'Universal Render Pipeline/Particles/SimpleLit' not found
Refreshing native plugins compatible for Editor in 0.86 ms, found 1 plugins.
Preloading 0 native plugins for Editor in 0.00 ms.
Unloading 2886 Unused Serialized files (Serialized files now loaded: 0)
System memory in use before: 217.2 MB.
System memory in use after: 217.3 MB.

Unloading 12 unused Assets to reduce memory usage. Loaded Objects now: 3755.
Total: 4.536400 ms (FindLiveObjects: 0.365700 ms CreateObjectMapping: 0.210400 ms MarkObjects: 3.809200 ms  DeleteObjects: 0.149200 ms)

========================================================================
Received Import Request.
  Time since last request: 112.513621 seconds.
  path: Assets/Scenes/Scene 1 Alternate.unity
  artifactKey: Guid(29fac75a99fc6f746831a6f3ecca753f) Importer(815301076,1909f56bfc062723c751e8b465ee728b)
Start importing Assets/Scenes/Scene 1 Alternate.unity using Guid(29fac75a99fc6f746831a6f3ecca753f) Importer(815301076,1909f56bfc062723c751e8b465ee728b)  -> (artifact id: '07cae095087d08ac7a92c95ea43aed4f') in 0.045999 seconds 
========================================================================
Received Prepare
Registering precompiled user dll's ...
Registered in 0.001377 seconds.
Begin MonoManager ReloadAssembly
Native extension for WindowsStandalone target not found
Refreshing native plugins compatible for Editor in 0.54 ms, found 1 plugins.
Preloading 0 native plugins for Editor in 0.00 ms.
Mono: successfully reloaded assembly
- Completed reload, in  1.210 seconds
Platform modules already initialized, skipping
Shader 'Universal Render Pipeline/Particles/Lit': fallback shader 'Universal Render Pipeline/Particles/SimpleLit' not found
Refreshing native plugins compatible for Editor in 0.55 ms, found 1 plugins.
Preloading 0 native plugins for Editor in 0.00 ms.
Unloading 2886 Unused Serialized files (Serialized files now loaded: 0)
System memory in use before: 217.2 MB.
System memory in use after: 217.4 MB.

Unloading 12 unused Assets to reduce memory usage. Loaded Objects now: 3759.
Total: 4.344200 ms (FindLiveObjects: 0.615800 ms CreateObjectMapping: 0.396100 ms MarkObjects: 3.180600 ms  DeleteObjects: 0.149800 ms)

========================================================================
Received Import Request.
  Time since last request: 219.985939 seconds.
  path: Assets/Scenes/Scene 1 Alternate.unity
  artifactKey: Guid(29fac75a99fc6f746831a6f3ecca753f) Importer(815301076,1909f56bfc062723c751e8b465ee728b)
Start importing Assets/Scenes/Scene 1 Alternate.unity using Guid(29fac75a99fc6f746831a6f3ecca753f) Importer(815301076,1909f56bfc062723c751e8b465ee728b)  -> (artifact id: '33ff9f0d11e6e823430f1eb4e9b30026') in 0.036854 seconds 
========================================================================
Received Prepare
Registering precompiled user dll's ...
Registered in 0.002074 seconds.
Begin MonoManager ReloadAssembly
Native extension for WindowsStandalone target not found
Refreshing native plugins compatible for Editor in 0.56 ms, found 1 plugins.
Preloading 0 native plugins for Editor in 0.00 ms.
Mono: successfully reloaded assembly
- Completed reload, in  1.202 seconds
Platform modules already initialized, skipping
Shader 'Universal Render Pipeline/Particles/Lit': fallback shader 'Universal Render Pipeline/Particles/SimpleLit' not found
Refreshing native plugins compatible for Editor in 0.66 ms, found 1 plugins.
Preloading 0 native plugins for Editor in 0.00 ms.
Unloading 2886 Unused Serialized files (Serialized files now loaded: 0)
System memory in use before: 217.3 MB.
System memory in use after: 217.4 MB.

Unloading 12 unused Assets to reduce memory usage. Loaded Objects now: 3763.
Total: 4.253500 ms (FindLiveObjects: 0.678800 ms CreateObjectMapping: 0.399900 ms MarkObjects: 3.037100 ms  DeleteObjects: 0.136100 ms)

========================================================================
Received Import Request.
  Time since last request: 40.554476 seconds.
  path: Assets/Scenes/Scene 1 Alternate.unity
  artifactKey: Guid(29fac75a99fc6f746831a6f3ecca753f) Importer(815301076,1909f56bfc062723c751e8b465ee728b)
Start importing Assets/Scenes/Scene 1 Alternate.unity using Guid(29fac75a99fc6f746831a6f3ecca753f) Importer(815301076,1909f56bfc062723c751e8b465ee728b)  -> (artifact id: 'fa647758b04fe719e206aa984eddc855') in 0.024009 seconds 
========================================================================
Received Import Request.
  Time since last request: 3.812171 seconds.
  path: Assets/Scenes/Scene 1.unity
  artifactKey: Guid(2cda990e2423bbf4892e6590ba056729) Importer(815301076,1909f56bfc062723c751e8b465ee728b)
Start importing Assets/Scenes/Scene 1.unity using Guid(2cda990e2423bbf4892e6590ba056729) Importer(815301076,1909f56bfc062723c751e8b465ee728b)  -> (artifact id: '854bf7ceb81cb0ee7c20a8886c83a6ed') in 0.013961 seconds 
========================================================================
Received Import Request.
  Time since last request: 76.400665 seconds.
  path: Assets/Sample
  artifactKey: Guid(6e0bd9a8b9821dc41b3040b38a721d50) Importer(815301076,1909f56bfc062723c751e8b465ee728b)
Start importing Assets/Sample using Guid(6e0bd9a8b9821dc41b3040b38a721d50) Importer(815301076,1909f56bfc062723c751e8b465ee728b)  -> (artifact id: '8e834dad73fe8052272ab9510cd322e9') in 0.021306 seconds 
========================================================================
Received Import Request.
  Time since last request: 5.818381 seconds.
  path: Assets/Sprites/squarecorner.png
  artifactKey: Guid(2603cf2731373b34a8bead4828c18acd) Importer(815301076,1909f56bfc062723c751e8b465ee728b)
Start importing Assets/Sprites/squarecorner.png using Guid(2603cf2731373b34a8bead4828c18acd) Importer(815301076,1909f56bfc062723c751e8b465ee728b)  -> (artifact id: '2ea656277eee687cea2c542ffd3c6cec') in 0.086834 seconds 
========================================================================
Received Import Request.
  Time since last request: 0.000295 seconds.
  path: Assets/Sprites/squareMachine.png
  artifactKey: Guid(077daaab6af1da34a9a4070c1331b030) Importer(815301076,1909f56bfc062723c751e8b465ee728b)
Start importing Assets/Sprites/squareMachine.png using Guid(077daaab6af1da34a9a4070c1331b030) Importer(815301076,1909f56bfc062723c751e8b465ee728b)  -> (artifact id: '02d0cb16c0572eb98ac67058cffd603f') in 0.056695 seconds 
========================================================================
Received Import Request.
  Time since last request: 0.000253 seconds.
  path: Assets/Sprites/squareDoor.png
  artifactKey: Guid(70a52b28a760b7d469ff27f20f1cbd97) Importer(815301076,1909f56bfc062723c751e8b465ee728b)
Start importing Assets/Sprites/squareDoor.png using Guid(70a52b28a760b7d469ff27f20f1cbd97) Importer(815301076,1909f56bfc062723c751e8b465ee728b)  -> (artifact id: 'b5377faa462e5063a5b9053f1bde53f1') in 0.027439 seconds 
========================================================================
Received Import Request.
  Time since last request: 0.000372 seconds.
  path: Assets/Sprites/WhiteSquare.png
  artifactKey: Guid(bda1170092ca04c41926df9851a55be8) Importer(815301076,1909f56bfc062723c751e8b465ee728b)
Start importing Assets/Sprites/WhiteSquare.png using Guid(bda1170092ca04c41926df9851a55be8) Importer(815301076,1909f56bfc062723c751e8b465ee728b)  -> (artifact id: 'ee21f5bbb15b31440ce11034bc2dc26d') in 0.025741 seconds 
========================================================================
Received Import Request.
  Time since last request: 0.000339 seconds.
  path: Assets/Sprites/squareTable.png
  artifactKey: Guid(cb12b9420ac92414eab6e7f69008624e) Importer(815301076,1909f56bfc062723c751e8b465ee728b)
Start importing Assets/Sprites/squareTable.png using Guid(cb12b9420ac92414eab6e7f69008624e) Importer(815301076,1909f56bfc062723c751e8b465ee728b)  -> (artifact id: 'a140efd6ffb5fab5cb679356b1e5a1ed') in 0.029506 seconds 
========================================================================
Received Import Request.
  Time since last request: 409.287769 seconds.
  path: Assets/Foliage2D/Example/Textures/FlowerTextures/Flower_01.png
  artifactKey: Guid(c94400da8ae7a9e418af59dd1515a5ae) Importer(815301076,1909f56bfc062723c751e8b465ee728b)
Start importing Assets/Foliage2D/Example/Textures/FlowerTextures/Flower_01.png using Guid(c94400da8ae7a9e418af59dd1515a5ae) Importer(815301076,1909f56bfc062723c751e8b465ee728b)  -> (artifact id: 'f6b316fa499626f395125638d5162aeb') in 0.030968 seconds 
========================================================================
Received Import Request.
  Time since last request: 0.347313 seconds.
  path: Assets/Foliage2D/Example/Textures/FlowerTextures/Flower_02.png
  artifactKey: Guid(4a276e645f7daed458ff26c5d4b1edde) Importer(815301076,1909f56bfc062723c751e8b465ee728b)
Start importing Assets/Foliage2D/Example/Textures/FlowerTextures/Flower_02.png using Guid(4a276e645f7daed458ff26c5d4b1edde) Importer(815301076,1909f56bfc062723c751e8b465ee728b)  -> (artifact id: '9627a708b43abca64a8f07bc84ab9bd1') in 0.025632 seconds 
========================================================================
Received Import Request.
  Time since last request: 0.594821 seconds.
  path: Assets/Foliage2D/Example/Textures/FlowerTextures/Flower_03.png
  artifactKey: Guid(334cb10cfc4bc50479d13d0f8c9719c5) Importer(815301076,1909f56bfc062723c751e8b465ee728b)
Start importing Assets/Foliage2D/Example/Textures/FlowerTextures/Flower_03.png using Guid(334cb10cfc4bc50479d13d0f8c9719c5) Importer(815301076,1909f56bfc062723c751e8b465ee728b)  -> (artifact id: 'd11205b6492188444a3851e72123c5fa') in 0.025593 seconds 
========================================================================
Received Import Request.
  Time since last request: 0.605455 seconds.
  path: Assets/Foliage2D/Example/Textures/FlowerTextures/Flower_04.png
  artifactKey: Guid(5478c391b41d3c84faf5b266f0b47484) Importer(815301076,1909f56bfc062723c751e8b465ee728b)
Start importing Assets/Foliage2D/Example/Textures/FlowerTextures/Flower_04.png using Guid(5478c391b41d3c84faf5b266f0b47484) Importer(815301076,1909f56bfc062723c751e8b465ee728b)  -> (artifact id: '62d64d71f87213dc417b740f5137c52a') in 0.068470 seconds 
========================================================================
Received Import Request.
  Time since last request: 429.827176 seconds.
  path: Assets/Sprites/S.png
  artifactKey: Guid(c30d82add3ce3e34ca01ab79616a9ba1) Importer(815301076,1909f56bfc062723c751e8b465ee728b)
Start importing Assets/Sprites/S.png using Guid(c30d82add3ce3e34ca01ab79616a9ba1) Importer(815301076,1909f56bfc062723c751e8b465ee728b)  -> (artifact id: '94a3d1e8e86dc0072ff27bfe236e0d63') in 0.026834 seconds 
========================================================================
Received Import Request.
  Time since last request: 3.851695 seconds.
  path: Assets/Sprites/explosion.png
  artifactKey: Guid(fd2037ea3ae0d2346a95d61b2a677d5e) Importer(815301076,1909f56bfc062723c751e8b465ee728b)
Start importing Assets/Sprites/explosion.png using Guid(fd2037ea3ae0d2346a95d61b2a677d5e) Importer(815301076,1909f56bfc062723c751e8b465ee728b)  -> (artifact id: '9ef3a2bb55b1a42c51e448e3c348a16b') in 0.036913 seconds 
========================================================================
Received Import Request.
  Time since last request: 24.350158 seconds.
  path: Assets/Sprites/Icon_Element_Fire_03-512.png
  artifactKey: Guid(91888a03659040d4fa2cbc3cca1e9e23) Importer(815301076,1909f56bfc062723c751e8b465ee728b)
Start importing Assets/Sprites/Icon_Element_Fire_03-512.png using Guid(91888a03659040d4fa2cbc3cca1e9e23) Importer(815301076,1909f56bfc062723c751e8b465ee728b)  -> (artifact id: 'd35552ccbdf151f72c937abe0af89538') in 0.025657 seconds 
========================================================================
Received Import Request.
  Time since last request: 151.658233 seconds.
  path: Assets/Sprites/cloud_only_storage.png
  artifactKey: Guid(fd83df737700a224787b17d4e2c1891f) Importer(815301076,1909f56bfc062723c751e8b465ee728b)
Start importing Assets/Sprites/cloud_only_storage.png using Guid(fd83df737700a224787b17d4e2c1891f) Importer(815301076,1909f56bfc062723c751e8b465ee728b)  -> (artifact id: 'ca31bbf5cc60ad7d5ae3b5eda1802fb7') in 0.026921 seconds 
========================================================================
Received Prepare
Registering precompiled user dll's ...
Registered in 0.002027 seconds.
Begin MonoManager ReloadAssembly
Native extension for WindowsStandalone target not found
Refreshing native plugins compatible for Editor in 0.62 ms, found 1 plugins.
Preloading 0 native plugins for Editor in 0.00 ms.
Mono: successfully reloaded assembly
- Completed reload, in  1.506 seconds
Platform modules already initialized, skipping
Shader 'Universal Render Pipeline/Particles/Lit': fallback shader 'Universal Render Pipeline/Particles/SimpleLit' not found
Refreshing native plugins compatible for Editor in 1.20 ms, found 1 plugins.
Preloading 0 native plugins for Editor in 0.00 ms.
Unloading 2899 Unused Serialized files (Serialized files now loaded: 0)
System memory in use before: 224.3 MB.
System memory in use after: 224.4 MB.

Unloading 12 unused Assets to reduce memory usage. Loaded Objects now: 3969.
Total: 4.434700 ms (FindLiveObjects: 0.553000 ms CreateObjectMapping: 0.250000 ms MarkObjects: 3.464300 ms  DeleteObjects: 0.164700 ms)

AssetImportWorkerClient::OnTransportError - code=2 error=End of file
