Using pre-set license
Built from '2021.1/release' branch; Version is '2021.1.0f1 (61a549675243) revision 6399305'; Using compiler version '192528614'; Build Type 'Release'
OS: 'Windows 10 Home; OS build 21364.1000; Version 2009; 64bit' Language: 'en' Physical Memory: 8044 MB
BatchMode: 1, IsHumanControllingUs: 0, StartBugReporterOnCrash: 0, Is64bit: 1, IsPro: 0

 COMMAND LINE ARGUMENTS:
C:\UnityProjects\2021.1.0f1\Editor\Unity.exe
-adb2
-batchMode
-noUpm
-name
AssetImportWorker12
-projectPath
C:/UnityProjects/Portal 2D
-logFile
Logs/AssetImportWorker12.log
-srvPort
54612
Successfully changed project path to: C:/UnityProjects/Portal 2D
C:/UnityProjects/Portal 2D
Using Asset Import Pipeline V2.
Refreshing native plugins compatible for Editor in 56.76 ms, found 1 plugins.
Preloading 0 native plugins for Editor in 0.00 ms.
Initialize engine version: 2021.1.0f1 (61a549675243)
[Subsystems] Discovering subsystems at path C:/UnityProjects/2021.1.0f1/Editor/Data/Resources/UnitySubsystems
[Subsystems] Discovering subsystems at path C:/UnityProjects/Portal 2D/Assets
GfxDevice: creating device client; threaded=0; jobified=0
Direct3D:
    Version:  Direct3D 11.0 [level 11.1]
    Renderer: NVIDIA GeForce GTX 1650 (ID=0x1f91)
    Vendor:   NVIDIA
    VRAM:     3964 MB
    Driver:   27.21.14.6611
Initialize mono
Mono path[0] = 'C:/UnityProjects/2021.1.0f1/Editor/Data/Managed'
Mono path[1] = 'C:/UnityProjects/2021.1.0f1/Editor/Data/MonoBleedingEdge/lib/mono/unityjit'
Mono config path = 'C:/UnityProjects/2021.1.0f1/Editor/Data/MonoBleedingEdge/etc'
Using monoOptions --debugger-agent=transport=dt_socket,embedding=1,server=y,suspend=n,address=127.0.0.1:56824
Begin MonoManager ReloadAssembly
Registering precompiled unity dll's ...
Register platform support module: C:/UnityProjects/2021.1.0f1/Editor/Data/PlaybackEngines/WindowsStandaloneSupport/UnityEditor.WindowsStandalone.Extensions.dll
Registered in 0.002432 seconds.
Native extension for WindowsStandalone target not found
Refreshing native plugins compatible for Editor in 44.07 ms, found 1 plugins.
Preloading 0 native plugins for Editor in 0.00 ms.
Mono: successfully reloaded assembly
- Completed reload, in  3.102 seconds
Platform modules already initialized, skipping
Registering precompiled user dll's ...
Registered in 0.001250 seconds.
Begin MonoManager ReloadAssembly
Native extension for WindowsStandalone target not found
Refreshing native plugins compatible for Editor in 70.02 ms, found 1 plugins.
Preloading 0 native plugins for Editor in 0.00 ms.
Mono: successfully reloaded assembly
- Completed reload, in  5.405 seconds
Platform modules already initialized, skipping
========================================================================
Worker process is ready to serve import requests
Launched and connected shader compiler UnityShaderCompiler.exe after 0.15 seconds
Refreshing native plugins compatible for Editor in 0.63 ms, found 1 plugins.
Preloading 0 native plugins for Editor in 0.00 ms.
Unloading 1833 Unused Serialized files (Serialized files now loaded: 0)
System memory in use before: 86.6 MB.
System memory in use after: 86.6 MB.

Unloading 23 unused Assets to reduce memory usage. Loaded Objects now: 2291.
Total: 2.877600 ms (FindLiveObjects: 0.233200 ms CreateObjectMapping: 0.200100 ms MarkObjects: 2.318400 ms  DeleteObjects: 0.124300 ms)

========================================================================
Received Import Request.
  path: Assets/Foliage2D/Example/Prefabs/Flower_01.prefab
  artifactKey: Guid(eae60c63de7f4b043a411f396126774f) Importer(815301076,1909f56bfc062723c751e8b465ee728b)
Start importing Assets/Foliage2D/Example/Prefabs/Flower_01.prefab using Guid(eae60c63de7f4b043a411f396126774f) Importer(815301076,1909f56bfc062723c751e8b465ee728b)  -> (artifact id: 'e7462ff2e04aad934081b91adcf66103') in 0.193686 seconds 
========================================================================
Received Import Request.
  Time since last request: 0.678590 seconds.
  path: Assets/Foliage2D/Example/Prefabs/Grass_01.prefab
  artifactKey: Guid(2cf616b617f497845896170102bce5ab) Importer(815301076,1909f56bfc062723c751e8b465ee728b)
Start importing Assets/Foliage2D/Example/Prefabs/Grass_01.prefab using Guid(2cf616b617f497845896170102bce5ab) Importer(815301076,1909f56bfc062723c751e8b465ee728b)  -> (artifact id: '46f712559ad55d5ef71fee05b40c7bd4') in 0.033106 seconds 
========================================================================
Received Import Request.
  Time since last request: 71.405328 seconds.
  path: Assets/Foliage2D/Example/Prefabs/FoliageMeshes/Grass_02-Mesh.asset
  artifactKey: Guid(01a1d71a612a77448a931dab8e406bfd) Importer(815301076,1909f56bfc062723c751e8b465ee728b)
Start importing Assets/Foliage2D/Example/Prefabs/FoliageMeshes/Grass_02-Mesh.asset using Guid(01a1d71a612a77448a931dab8e406bfd) Importer(815301076,1909f56bfc062723c751e8b465ee728b)  -> (artifact id: '23efec7f8b9a56575e59d205b142deaf') in 0.435058 seconds 
========================================================================
Received Import Request.
  Time since last request: 0.000363 seconds.
  path: Assets/Foliage2D/Example/Prefabs/FoliageMeshes/Grass_01-Mesh.asset
  artifactKey: Guid(5ea3f26bda1d52b4ea13cae7b06d711c) Importer(815301076,1909f56bfc062723c751e8b465ee728b)
Start importing Assets/Foliage2D/Example/Prefabs/FoliageMeshes/Grass_01-Mesh.asset using Guid(5ea3f26bda1d52b4ea13cae7b06d711c) Importer(815301076,1909f56bfc062723c751e8b465ee728b)  -> (artifact id: '6a7bf0ea7d7ca91423d58a6406d9b058') in 0.021146 seconds 
========================================================================
Received Prepare
Registering precompiled user dll's ...
Registered in 0.001529 seconds.
Begin MonoManager ReloadAssembly
Native extension for WindowsStandalone target not found
Refreshing native plugins compatible for Editor in 0.44 ms, found 1 plugins.
Preloading 0 native plugins for Editor in 0.00 ms.
Mono: successfully reloaded assembly
- Completed reload, in  1.532 seconds
Platform modules already initialized, skipping
Refreshing native plugins compatible for Editor in 0.46 ms, found 1 plugins.
Preloading 0 native plugins for Editor in 0.00 ms.
Unloading 1828 Unused Serialized files (Serialized files now loaded: 0)
System memory in use before: 90.7 MB.
System memory in use after: 90.7 MB.

Unloading 12 unused Assets to reduce memory usage. Loaded Objects now: 2306.
Total: 4.313800 ms (FindLiveObjects: 0.507500 ms CreateObjectMapping: 0.205100 ms MarkObjects: 3.483000 ms  DeleteObjects: 0.115500 ms)

========================================================================
Received Import Request.
  Time since last request: 242.802433 seconds.
  path: Packages/com.unity.2d.spriteshape/Editor/ObjectMenuCreation/DefaultAssets/Textures/Sprite Shape Fill.png
  artifactKey: Guid(b281b91a70a624a0da1c43adc1c30c7b) Importer(815301076,1909f56bfc062723c751e8b465ee728b)
Start importing Packages/com.unity.2d.spriteshape/Editor/ObjectMenuCreation/DefaultAssets/Textures/Sprite Shape Fill.png using Guid(b281b91a70a624a0da1c43adc1c30c7b) Importer(815301076,1909f56bfc062723c751e8b465ee728b)  -> (artifact id: '111b72cd1ca2b1bc3c1ad3c362f028be') in 0.192243 seconds 
========================================================================
Received Import Request.
  Time since last request: 0.000342 seconds.
  path: Packages/com.unity.2d.spriteshape/Editor/Handles/ss_playhead.png
  artifactKey: Guid(9ea72647c24be493ba6f15a9cd2a24ae) Importer(815301076,1909f56bfc062723c751e8b465ee728b)
Start importing Packages/com.unity.2d.spriteshape/Editor/Handles/ss_playhead.png using Guid(9ea72647c24be493ba6f15a9cd2a24ae) Importer(815301076,1909f56bfc062723c751e8b465ee728b)  -> (artifact id: '297e76d97d5564120e675fbcd3bf595c') in 0.039977 seconds 
========================================================================
Received Import Request.
  Time since last request: 0.000325 seconds.
  path: Packages/com.unity.2d.animation/Editor/Assets/SkinningModule/Icons/Light/Sprite_Mode@4x.png
  artifactKey: Guid(554a30a45860f494ca38586c54b7e5d9) Importer(815301076,1909f56bfc062723c751e8b465ee728b)
Start importing Packages/com.unity.2d.animation/Editor/Assets/SkinningModule/Icons/Light/Sprite_Mode@4x.png using Guid(554a30a45860f494ca38586c54b7e5d9) Importer(815301076,1909f56bfc062723c751e8b465ee728b)  -> (artifact id: 'e49640e41196bce15f9e4c2d8561c34e') in 0.041073 seconds 
========================================================================
Received Import Request.
  Time since last request: 0.000302 seconds.
  path: Packages/com.unity.2d.animation/Editor/Assets/SkinningModule/Icons/Selected/Sprite_Mode@4x.png
  artifactKey: Guid(2223b0a570b66ee42b3e0a79f0789b2a) Importer(815301076,1909f56bfc062723c751e8b465ee728b)
Start importing Packages/com.unity.2d.animation/Editor/Assets/SkinningModule/Icons/Selected/Sprite_Mode@4x.png using Guid(2223b0a570b66ee42b3e0a79f0789b2a) Importer(815301076,1909f56bfc062723c751e8b465ee728b)  -> (artifact id: '31eab2d7de6ff0f8aa3bde2617f9bf2f') in 0.035733 seconds 
========================================================================
Received Import Request.
  Time since last request: 0.000336 seconds.
  path: Packages/com.unity.2d.animation/Editor/Assets/SkinningModule/Icons/Light/Visibility_Hidded.png
  artifactKey: Guid(a20f7223e2252fc4d813fc92d0f3a614) Importer(815301076,1909f56bfc062723c751e8b465ee728b)
Start importing Packages/com.unity.2d.animation/Editor/Assets/SkinningModule/Icons/Light/Visibility_Hidded.png using Guid(a20f7223e2252fc4d813fc92d0f3a614) Importer(815301076,1909f56bfc062723c751e8b465ee728b)  -> (artifact id: 'f4300e333bea9f4b041f74043150f771') in 0.037578 seconds 
========================================================================
Received Import Request.
  Time since last request: 0.000303 seconds.
  path: Packages/com.unity.2d.animation/Editor/Assets/SkinningModule/Icons/Light/Sprite_Mode@2x.png
  artifactKey: Guid(cfe99a1afb609b4488d6fc9224a62f74) Importer(815301076,1909f56bfc062723c751e8b465ee728b)
Start importing Packages/com.unity.2d.animation/Editor/Assets/SkinningModule/Icons/Light/Sprite_Mode@2x.png using Guid(cfe99a1afb609b4488d6fc9224a62f74) Importer(815301076,1909f56bfc062723c751e8b465ee728b)  -> (artifact id: '34e228b40bcd0ef37fab57e05e4b0428') in 0.039813 seconds 
========================================================================
Received Import Request.
  Time since last request: 0.000334 seconds.
  path: Packages/com.unity.2d.path/Editor/Handles/TangentBrokenPro.png
  artifactKey: Guid(3f0215e89d05b544d907d3a7d34fab63) Importer(815301076,1909f56bfc062723c751e8b465ee728b)
Start importing Packages/com.unity.2d.path/Editor/Handles/TangentBrokenPro.png using Guid(3f0215e89d05b544d907d3a7d34fab63) Importer(815301076,1909f56bfc062723c751e8b465ee728b)  -> (artifact id: 'f5ebf66256d2428ef8ab7c3174a4bc0b') in 0.038241 seconds 
========================================================================
Received Import Request.
  Time since last request: 0.000345 seconds.
  path: Packages/com.unity.2d.path/Editor/Handles/TangentLinearPro.png
  artifactKey: Guid(cafc16189f045f445bad6f5eb9e13541) Importer(815301076,1909f56bfc062723c751e8b465ee728b)
Start importing Packages/com.unity.2d.path/Editor/Handles/TangentLinearPro.png using Guid(cafc16189f045f445bad6f5eb9e13541) Importer(815301076,1909f56bfc062723c751e8b465ee728b)  -> (artifact id: 'a77ffea1b15c96d0261fb728c5ec153a') in 0.042515 seconds 
========================================================================
Received Import Request.
  Time since last request: 0.000332 seconds.
  path: Packages/com.unity.2d.animation/Editor/Assets/SkinningModule/Icons/Light/Sprite_Mode@3x.png
  artifactKey: Guid(71d8b2e508f1d9947ba51013600a5eac) Importer(815301076,1909f56bfc062723c751e8b465ee728b)
Start importing Packages/com.unity.2d.animation/Editor/Assets/SkinningModule/Icons/Light/Sprite_Mode@3x.png using Guid(71d8b2e508f1d9947ba51013600a5eac) Importer(815301076,1909f56bfc062723c751e8b465ee728b)  -> (artifact id: '69e30110ac64fd5e11c6f3f9f3d1842e') in 0.040207 seconds 
========================================================================
Received Import Request.
  Time since last request: 0.000395 seconds.
  path: Packages/com.unity.2d.animation/Editor/Assets/SkinningModule/Icons/Selected/Sprite_Mode.png
  artifactKey: Guid(ca778bc7303b24948abf3e907abbf2a0) Importer(815301076,1909f56bfc062723c751e8b465ee728b)
Start importing Packages/com.unity.2d.animation/Editor/Assets/SkinningModule/Icons/Selected/Sprite_Mode.png using Guid(ca778bc7303b24948abf3e907abbf2a0) Importer(815301076,1909f56bfc062723c751e8b465ee728b)  -> (artifact id: '4c7ec9c7b027cf8c8ca48585d8e43c47') in 0.040218 seconds 
========================================================================
Received Import Request.
  Time since last request: 0.000410 seconds.
  path: Packages/com.unity.2d.spriteshape/Editor/Handles/ss_rightrange.png
  artifactKey: Guid(ee5df01235032491c8b180741ea820fe) Importer(815301076,1909f56bfc062723c751e8b465ee728b)
Start importing Packages/com.unity.2d.spriteshape/Editor/Handles/ss_rightrange.png using Guid(ee5df01235032491c8b180741ea820fe) Importer(815301076,1909f56bfc062723c751e8b465ee728b)  -> (artifact id: 'f7bd188541fd2f1775d0b58b4bef0ee7') in 0.038239 seconds 
========================================================================
Received Import Request.
  Time since last request: 0.000333 seconds.
  path: Packages/com.unity.2d.path/Editor/Handles/TangentBroken.png
  artifactKey: Guid(b370d25fdf6f8914287e27c0c3dede6a) Importer(815301076,1909f56bfc062723c751e8b465ee728b)
Start importing Packages/com.unity.2d.path/Editor/Handles/TangentBroken.png using Guid(b370d25fdf6f8914287e27c0c3dede6a) Importer(815301076,1909f56bfc062723c751e8b465ee728b)  -> (artifact id: 'd7ce1fbe43dba4e9a58eb1beed82ce75') in 0.039101 seconds 
========================================================================
Received Import Request.
  Time since last request: 0.000339 seconds.
  path: Packages/com.unity.2d.path/Editor/Handles/TangentContinuous.png
  artifactKey: Guid(229e750703f3e824ca71ddd16a5e36be) Importer(815301076,1909f56bfc062723c751e8b465ee728b)
Start importing Packages/com.unity.2d.path/Editor/Handles/TangentContinuous.png using Guid(229e750703f3e824ca71ddd16a5e36be) Importer(815301076,1909f56bfc062723c751e8b465ee728b)  -> (artifact id: '5a725d95d3247be83122bb98c621f97b') in 0.035856 seconds 
========================================================================
Received Import Request.
  Time since last request: 0.000359 seconds.
  path: Packages/com.unity.2d.sprite/Editor/ObjectMenuCreation/DefaultAssets/Textures/v2/Square.png
  artifactKey: Guid(311925a002f4447b3a28927169b83ea6) Importer(815301076,1909f56bfc062723c751e8b465ee728b)
Start importing Packages/com.unity.2d.sprite/Editor/ObjectMenuCreation/DefaultAssets/Textures/v2/Square.png using Guid(311925a002f4447b3a28927169b83ea6) Importer(815301076,1909f56bfc062723c751e8b465ee728b)  -> (artifact id: '85008d0a13cddde7b2ee71c4f13434a4') in 0.027788 seconds 
========================================================================
Received Import Request.
  Time since last request: 0.000305 seconds.
  path: Packages/com.unity.2d.animation/Editor/Assets/SkinningModule/Icons/Selected/Sprite_Mode@3x.png
  artifactKey: Guid(ea833d779996e3244b3b567764be9cf0) Importer(815301076,1909f56bfc062723c751e8b465ee728b)
Start importing Packages/com.unity.2d.animation/Editor/Assets/SkinningModule/Icons/Selected/Sprite_Mode@3x.png using Guid(ea833d779996e3244b3b567764be9cf0) Importer(815301076,1909f56bfc062723c751e8b465ee728b)  -> (artifact id: '39001c4c3f86f8dfeaf41ca5aa25b1f4') in 0.036830 seconds 
========================================================================
Received Import Request.
  Time since last request: 0.000398 seconds.
  path: Packages/com.unity.2d.path/Editor/Handles/TangentContinuousPro.png
  artifactKey: Guid(8d4a2ded892e27742bb6d4d263639dff) Importer(815301076,1909f56bfc062723c751e8b465ee728b)
Start importing Packages/com.unity.2d.path/Editor/Handles/TangentContinuousPro.png using Guid(8d4a2ded892e27742bb6d4d263639dff) Importer(815301076,1909f56bfc062723c751e8b465ee728b)  -> (artifact id: '184e5de584b8d836e418d15a0e94d458') in 0.040310 seconds 
========================================================================
Received Import Request.
  Time since last request: 0.000468 seconds.
  path: Packages/com.unity.2d.animation/Editor/Assets/SkinningModule/Icons/Light/Sprite_Mode.png
  artifactKey: Guid(2ad84ec7182471b4d8c44de568e22df4) Importer(815301076,1909f56bfc062723c751e8b465ee728b)
Start importing Packages/com.unity.2d.animation/Editor/Assets/SkinningModule/Icons/Light/Sprite_Mode.png using Guid(2ad84ec7182471b4d8c44de568e22df4) Importer(815301076,1909f56bfc062723c751e8b465ee728b)  -> (artifact id: '857258fc38e37dfb91616c30c4e721c3') in 0.037290 seconds 
========================================================================
Received Import Request.
  Time since last request: 0.000409 seconds.
  path: Packages/com.unity.2d.spriteshape/Editor/ObjectMenuCreation/DefaultAssets/Sprite Shapes/SpriteShapeEdge.png
  artifactKey: Guid(0ae2b74b1edd14bb18dd7b65ae916a54) Importer(815301076,1909f56bfc062723c751e8b465ee728b)
Start importing Packages/com.unity.2d.spriteshape/Editor/ObjectMenuCreation/DefaultAssets/Sprite Shapes/SpriteShapeEdge.png using Guid(0ae2b74b1edd14bb18dd7b65ae916a54) Importer(815301076,1909f56bfc062723c751e8b465ee728b)  -> (artifact id: '9c56d1216ec3272cd44982c4fd835f01') in 0.040997 seconds 
========================================================================
Received Import Request.
  Time since last request: 0.000419 seconds.
  path: Packages/com.unity.2d.sprite/Editor/ObjectMenuCreation/DefaultAssets/Textures/Square.png
  artifactKey: Guid(db750325989564987a34393247d883b4) Importer(815301076,1909f56bfc062723c751e8b465ee728b)
Start importing Packages/com.unity.2d.sprite/Editor/ObjectMenuCreation/DefaultAssets/Textures/Square.png using Guid(db750325989564987a34393247d883b4) Importer(815301076,1909f56bfc062723c751e8b465ee728b)  -> (artifact id: 'f1767df37af971df87c3d49704e0ad4c') in 0.039236 seconds 
========================================================================
Received Import Request.
  Time since last request: 0.000396 seconds.
  path: Packages/com.unity.2d.spriteshape/Editor/Handles/ss_leftrange.png
  artifactKey: Guid(9417efc47083f4a1598c1966a6345cdb) Importer(815301076,1909f56bfc062723c751e8b465ee728b)
Start importing Packages/com.unity.2d.spriteshape/Editor/Handles/ss_leftrange.png using Guid(9417efc47083f4a1598c1966a6345cdb) Importer(815301076,1909f56bfc062723c751e8b465ee728b)  -> (artifact id: 'c742d7acf791c889749628ccb14fc554') in 0.040580 seconds 
========================================================================
Received Import Request.
  Time since last request: 0.000382 seconds.
  path: Packages/com.unity.2d.path/Editor/Handles/TangentLinear.png
  artifactKey: Guid(a728d9332cba5f448a36350199dc573b) Importer(815301076,1909f56bfc062723c751e8b465ee728b)
Start importing Packages/com.unity.2d.path/Editor/Handles/TangentLinear.png using Guid(a728d9332cba5f448a36350199dc573b) Importer(815301076,1909f56bfc062723c751e8b465ee728b)  -> (artifact id: 'aa221c6c9e5f8506df228a6d068a59a7') in 0.041031 seconds 
========================================================================
Received Import Request.
  Time since last request: 0.000479 seconds.
  path: Packages/com.unity.2d.animation/Editor/Assets/SkinningModule/Icons/Selected/Sprite_Mode@2x.png
  artifactKey: Guid(ff2aa9ebc8aee604caa5f8459ac4ae43) Importer(815301076,1909f56bfc062723c751e8b465ee728b)
Start importing Packages/com.unity.2d.animation/Editor/Assets/SkinningModule/Icons/Selected/Sprite_Mode@2x.png using Guid(ff2aa9ebc8aee604caa5f8459ac4ae43) Importer(815301076,1909f56bfc062723c751e8b465ee728b)  -> (artifact id: 'b57700808e14bd5b4d760ae7e0f05464') in 0.036403 seconds 
========================================================================
Received Import Request.
  Time since last request: 35.906885 seconds.
  path: Assets/Foliage2D/Example/Materials/Windmill_arms.mat
  artifactKey: Guid(6a9a9843f64dc9d4bad4084f1e2ceaba) Importer(815301076,1909f56bfc062723c751e8b465ee728b)
Start importing Assets/Foliage2D/Example/Materials/Windmill_arms.mat using Guid(6a9a9843f64dc9d4bad4084f1e2ceaba) Importer(815301076,1909f56bfc062723c751e8b465ee728b)  -> (artifact id: '2aa1d27fa160baf45f084e2dc915e7dc') in 0.140473 seconds 
========================================================================
Received Import Request.
  Time since last request: 0.000363 seconds.
  path: Assets/Foliage2D/Example/Materials/Windmill_body.mat
  artifactKey: Guid(e11ef0a4f3809c94080051b39a6660b6) Importer(815301076,1909f56bfc062723c751e8b465ee728b)
Start importing Assets/Foliage2D/Example/Materials/Windmill_body.mat using Guid(e11ef0a4f3809c94080051b39a6660b6) Importer(815301076,1909f56bfc062723c751e8b465ee728b)  -> (artifact id: '515fcbefe3dfb9b68334828c5abf2695') in 0.019648 seconds 
========================================================================
Received Import Request.
  Time since last request: 7.672667 seconds.
  path: Assets/Foliage2D/Example/Materials/Mountain_fill.mat
  artifactKey: Guid(d4a2eb79c43a6a644b82d0f608fff246) Importer(815301076,1909f56bfc062723c751e8b465ee728b)
Start importing Assets/Foliage2D/Example/Materials/Mountain_fill.mat using Guid(d4a2eb79c43a6a644b82d0f608fff246) Importer(815301076,1909f56bfc062723c751e8b465ee728b)  -> (artifact id: '210deb92211f6e4881a8d795286f52a5') in 0.169302 seconds 
========================================================================
Received Import Request.
  Time since last request: 0.000497 seconds.
  path: Assets/Foliage2D/Example/Materials/Ground_02.mat
  artifactKey: Guid(bcf63fe704606bc468d22b65535161d8) Importer(815301076,1909f56bfc062723c751e8b465ee728b)
Start importing Assets/Foliage2D/Example/Materials/Ground_02.mat using Guid(bcf63fe704606bc468d22b65535161d8) Importer(815301076,1909f56bfc062723c751e8b465ee728b)  -> (artifact id: 'b959d1fba2de6e7cb4938cd385b95bff') in 0.030157 seconds 
========================================================================
Received Import Request.
  Time since last request: 0.000478 seconds.
  path: Assets/Foliage2D/Example/Materials/Player.mat
  artifactKey: Guid(a247238476cca314b8da4311e1acd0d7) Importer(815301076,1909f56bfc062723c751e8b465ee728b)
Start importing Assets/Foliage2D/Example/Materials/Player.mat using Guid(a247238476cca314b8da4311e1acd0d7) Importer(815301076,1909f56bfc062723c751e8b465ee728b)  -> (artifact id: '92ff81628c439e1c420a0caf79eadfbe') in 0.030459 seconds 
========================================================================
Received Import Request.
  Time since last request: 0.000486 seconds.
  path: Assets/Foliage2D/Example/Materials/Mountain_02.mat
  artifactKey: Guid(060f5659b3421c2408b9192bb8ba81e0) Importer(815301076,1909f56bfc062723c751e8b465ee728b)
Start importing Assets/Foliage2D/Example/Materials/Mountain_02.mat using Guid(060f5659b3421c2408b9192bb8ba81e0) Importer(815301076,1909f56bfc062723c751e8b465ee728b)  -> (artifact id: '1e184d76d5827f5387696ad4d4728583') in 0.058749 seconds 
========================================================================
Received Import Request.
  Time since last request: 0.000400 seconds.
  path: Assets/Foliage2D/Example/Materials/Sky.mat
  artifactKey: Guid(dded8823f19fafa4e821f46bcb323ff4) Importer(815301076,1909f56bfc062723c751e8b465ee728b)
Start importing Assets/Foliage2D/Example/Materials/Sky.mat using Guid(dded8823f19fafa4e821f46bcb323ff4) Importer(815301076,1909f56bfc062723c751e8b465ee728b)  -> (artifact id: '301e56d5a4ff389b9bef24c404a75013') in 0.075714 seconds 
========================================================================
Received Import Request.
  Time since last request: 0.000473 seconds.
  path: Assets/Foliage2D/Example/Materials/Ground.mat
  artifactKey: Guid(f5dbb68ab3f0200449ba94769a5f12d3) Importer(815301076,1909f56bfc062723c751e8b465ee728b)
Start importing Assets/Foliage2D/Example/Materials/Ground.mat using Guid(f5dbb68ab3f0200449ba94769a5f12d3) Importer(815301076,1909f56bfc062723c751e8b465ee728b)  -> (artifact id: '7805393810df7d97fdd52bc79b7d861d') in 0.020944 seconds 
========================================================================
Received Import Request.
  Time since last request: 0.000280 seconds.
  path: Assets/Foliage2D/Example/Materials/Hill_01.mat
  artifactKey: Guid(876eb0aaed7e8a04ea6fcf21895bce4e) Importer(815301076,1909f56bfc062723c751e8b465ee728b)
Start importing Assets/Foliage2D/Example/Materials/Hill_01.mat using Guid(876eb0aaed7e8a04ea6fcf21895bce4e) Importer(815301076,1909f56bfc062723c751e8b465ee728b)  -> (artifact id: '62d6c244f800d849146a936b6163df84') in 0.027819 seconds 
========================================================================
Received Import Request.
  Time since last request: 0.000318 seconds.
  path: Assets/Foliage2D/Example/Materials/Mountain_01.mat
  artifactKey: Guid(2fdbafc2a3eaf00409840ef863e48879) Importer(815301076,1909f56bfc062723c751e8b465ee728b)
Start importing Assets/Foliage2D/Example/Materials/Mountain_01.mat using Guid(2fdbafc2a3eaf00409840ef863e48879) Importer(815301076,1909f56bfc062723c751e8b465ee728b)  -> (artifact id: 'af7e9ff047c19bd0b9b44d418d490c9b') in 0.029566 seconds 
========================================================================
Received Import Request.
  Time since last request: 0.000329 seconds.
  path: Assets/Foliage2D/Example/Materials/Hill_02.mat
  artifactKey: Guid(ec13bb01f418d0342b726c3890f83d3d) Importer(815301076,1909f56bfc062723c751e8b465ee728b)
Start importing Assets/Foliage2D/Example/Materials/Hill_02.mat using Guid(ec13bb01f418d0342b726c3890f83d3d) Importer(815301076,1909f56bfc062723c751e8b465ee728b)  -> (artifact id: '57dd72710e7f51343ec41e29fc4f18c7') in 0.024338 seconds 
========================================================================
Received Import Request.
  Time since last request: 0.101765 seconds.
  path: Assets/Foliage2D/Example/Materials/Fog_02.mat
  artifactKey: Guid(c6140abec03b231479e4a04e0233bb0f) Importer(815301076,1909f56bfc062723c751e8b465ee728b)
Start importing Assets/Foliage2D/Example/Materials/Fog_02.mat using Guid(c6140abec03b231479e4a04e0233bb0f) Importer(815301076,1909f56bfc062723c751e8b465ee728b)  -> (artifact id: '1a4ab677aa797e94bcac4be30510dfcd') in 0.073993 seconds 
========================================================================
Received Import Request.
  Time since last request: 0.000946 seconds.
  path: Assets/Foliage2D/Example/Materials/Grass/Grass_02.mat
  artifactKey: Guid(34865499658502f409b60fdde5ad8883) Importer(815301076,1909f56bfc062723c751e8b465ee728b)
Start importing Assets/Foliage2D/Example/Materials/Grass/Grass_02.mat using Guid(34865499658502f409b60fdde5ad8883) Importer(815301076,1909f56bfc062723c751e8b465ee728b)  -> (artifact id: 'b13f940625157c5757b838a5cf875a21') in 0.069157 seconds 
========================================================================
Received Import Request.
  Time since last request: 170.871928 seconds.
  path: Assets/Stylized Grass Texture/Materials/Stylize_Grass_diffuse.mat
  artifactKey: Guid(516e6f11e8de6624eb6be4bac8c14555) Importer(815301076,1909f56bfc062723c751e8b465ee728b)
Start importing Assets/Stylized Grass Texture/Materials/Stylize_Grass_diffuse.mat using Guid(516e6f11e8de6624eb6be4bac8c14555) Importer(815301076,1909f56bfc062723c751e8b465ee728b)  -> (artifact id: 'cd0ea519cfe044b762b5d42607c63059') in 0.110717 seconds 
========================================================================
Received Import Request.
  Time since last request: 40.997017 seconds.
  path: Assets/Stylized Grass Texture/Scene
  artifactKey: Guid(35c51be547b1b5149808eae4a6922fc8) Importer(815301076,1909f56bfc062723c751e8b465ee728b)
Start importing Assets/Stylized Grass Texture/Scene using Guid(35c51be547b1b5149808eae4a6922fc8) Importer(815301076,1909f56bfc062723c751e8b465ee728b)  -> (artifact id: '6ecd5a32b8476778536615bde8b0c686') in 0.037519 seconds 
========================================================================
Received Import Request.
  Time since last request: 5.121895 seconds.
  path: Assets/Stylized Grass Texture/Textures/Vol_42_1_Ambient_Occlusion.png
  artifactKey: Guid(33ba5140ff8350742a9be1b79eeefd82) Importer(815301076,1909f56bfc062723c751e8b465ee728b)
Start importing Assets/Stylized Grass Texture/Textures/Vol_42_1_Ambient_Occlusion.png using Guid(33ba5140ff8350742a9be1b79eeefd82) Importer(815301076,1909f56bfc062723c751e8b465ee728b)  -> (artifact id: 'b6e76df4ca9861b64ed353fd25f3b491') in 0.064334 seconds 
========================================================================
Received Import Request.
  Time since last request: 1.608969 seconds.
  path: Assets/Stylized Grass Texture/Textures/Vol_42_1_Base_Color.png
  artifactKey: Guid(b900361e13e6eaa44963cb851faf3ed3) Importer(815301076,1909f56bfc062723c751e8b465ee728b)
Start importing Assets/Stylized Grass Texture/Textures/Vol_42_1_Base_Color.png using Guid(b900361e13e6eaa44963cb851faf3ed3) Importer(815301076,1909f56bfc062723c751e8b465ee728b)  -> (artifact id: '856c1affcb36cb9b038bff7e2e5a9a03') in 0.049169 seconds 
========================================================================
Received Import Request.
  Time since last request: 13.103453 seconds.
  path: Assets/Stylized Grass Texture/Textures
  artifactKey: Guid(70867da6bf5f23744b22677a580e0ad7) Importer(815301076,1909f56bfc062723c751e8b465ee728b)
Start importing Assets/Stylized Grass Texture/Textures using Guid(70867da6bf5f23744b22677a580e0ad7) Importer(815301076,1909f56bfc062723c751e8b465ee728b)  -> (artifact id: '4eae4a479825a4738b037d6c15cf8a1c') in 0.051525 seconds 
========================================================================
Received Import Request.
  Time since last request: 7.082553 seconds.
  path: Assets/Stylized Grass Texture/Textures/Vol_42_1_Roughness.png
  artifactKey: Guid(7c71c756b680c1a47b27345dccbbc51f) Importer(815301076,1909f56bfc062723c751e8b465ee728b)
Start importing Assets/Stylized Grass Texture/Textures/Vol_42_1_Roughness.png using Guid(7c71c756b680c1a47b27345dccbbc51f) Importer(815301076,1909f56bfc062723c751e8b465ee728b)  -> (artifact id: '229d8dc316dfd90e3103ce4fb3d5ea31') in 0.073228 seconds 
========================================================================
Received Import Request.
  Time since last request: 0.763582 seconds.
  path: Assets/Stylized Grass Texture/Textures/Vol_42_1_Normal.png
  artifactKey: Guid(9e91cd5bde426714d9f0ef165f143d7c) Importer(815301076,1909f56bfc062723c751e8b465ee728b)
Start importing Assets/Stylized Grass Texture/Textures/Vol_42_1_Normal.png using Guid(9e91cd5bde426714d9f0ef165f143d7c) Importer(815301076,1909f56bfc062723c751e8b465ee728b)  -> (artifact id: 'd788dc9297db4c5035cb3b6c488d8ecc') in 0.114883 seconds 
========================================================================
Received Import Request.
  Time since last request: 0.338978 seconds.
  path: Assets/Stylized Grass Texture/Textures/Vol_42_1_Height.png
  artifactKey: Guid(c24c005cb31b0514a85361709b63fa93) Importer(815301076,1909f56bfc062723c751e8b465ee728b)
Start importing Assets/Stylized Grass Texture/Textures/Vol_42_1_Height.png using Guid(c24c005cb31b0514a85361709b63fa93) Importer(815301076,1909f56bfc062723c751e8b465ee728b)  -> (artifact id: '92c0bf478194168ab4e910b7fdedfd90') in 0.073735 seconds 
========================================================================
Received Import Request.
  Time since last request: 598.332187 seconds.
  path: Assets/Lowpoly Forest Pack/Prefabs2D/2DBush01.prefab
  artifactKey: Guid(71873b7bc5cec5840889d9507834aeb1) Importer(815301076,1909f56bfc062723c751e8b465ee728b)
Start importing Assets/Lowpoly Forest Pack/Prefabs2D/2DBush01.prefab using Guid(71873b7bc5cec5840889d9507834aeb1) Importer(815301076,1909f56bfc062723c751e8b465ee728b)  -> (artifact id: '2ffff698698118ec3cc1c2152ef9aff4') in 0.126046 seconds 
========================================================================
Received Import Request.
  Time since last request: 6.076208 seconds.
  path: Assets/Lowpoly Forest Pack/Prefabs2D/2DBush03.prefab
  artifactKey: Guid(afc8e879670960b4a8472404bd8f50b7) Importer(815301076,1909f56bfc062723c751e8b465ee728b)
Start importing Assets/Lowpoly Forest Pack/Prefabs2D/2DBush03.prefab using Guid(afc8e879670960b4a8472404bd8f50b7) Importer(815301076,1909f56bfc062723c751e8b465ee728b)  -> (artifact id: '4fb94c509c22ea541236585d6dc3f013') in 0.074378 seconds 
========================================================================
Received Import Request.
  Time since last request: 0.234358 seconds.
  path: Assets/Lowpoly Forest Pack/Prefabs2D/2DMushroom01.prefab
  artifactKey: Guid(8a294d2947dd5174b86a37d2ba179b19) Importer(815301076,1909f56bfc062723c751e8b465ee728b)
Start importing Assets/Lowpoly Forest Pack/Prefabs2D/2DMushroom01.prefab using Guid(8a294d2947dd5174b86a37d2ba179b19) Importer(815301076,1909f56bfc062723c751e8b465ee728b)  -> (artifact id: '1ce1e9f1b83c828ca54236281948267d') in 0.023945 seconds 
========================================================================
Received Import Request.
  Time since last request: 0.654364 seconds.
  path: Assets/Lowpoly Forest Pack/Prefabs2D/2DRock01.prefab
  artifactKey: Guid(5d2ab0b0c900e244085e88a6ac67dc23) Importer(815301076,1909f56bfc062723c751e8b465ee728b)
Start importing Assets/Lowpoly Forest Pack/Prefabs2D/2DRock01.prefab using Guid(5d2ab0b0c900e244085e88a6ac67dc23) Importer(815301076,1909f56bfc062723c751e8b465ee728b)  -> (artifact id: '19731b8967996752a27453184a799067') in 0.069716 seconds 
========================================================================
Received Import Request.
  Time since last request: 0.345744 seconds.
  path: Assets/Lowpoly Forest Pack/Prefabs2D/2DRock02.prefab
  artifactKey: Guid(ffdd2790a559edf4b9173e1abf4bc0cb) Importer(815301076,1909f56bfc062723c751e8b465ee728b)
Start importing Assets/Lowpoly Forest Pack/Prefabs2D/2DRock02.prefab using Guid(ffdd2790a559edf4b9173e1abf4bc0cb) Importer(815301076,1909f56bfc062723c751e8b465ee728b)  -> (artifact id: 'a7c69faff05ffe0fb244311249cb2f2b') in 0.078923 seconds 
========================================================================
Received Import Request.
  Time since last request: 0.331903 seconds.
  path: Assets/Lowpoly Forest Pack/Prefabs2D/2DRock03.prefab
  artifactKey: Guid(ae8187ff448800d468bf95afde79fbe1) Importer(815301076,1909f56bfc062723c751e8b465ee728b)
Start importing Assets/Lowpoly Forest Pack/Prefabs2D/2DRock03.prefab using Guid(ae8187ff448800d468bf95afde79fbe1) Importer(815301076,1909f56bfc062723c751e8b465ee728b)  -> (artifact id: '5bb0a724b7fbd17eea306226bf03d8a7') in 0.039899 seconds 
========================================================================
Received Import Request.
  Time since last request: 2.409399 seconds.
  path: Assets/Lowpoly Forest Pack/Prefabs2D/2DTree01.prefab
  artifactKey: Guid(a56b11080fc8b2f44a26426d0af0c4c6) Importer(815301076,1909f56bfc062723c751e8b465ee728b)
Start importing Assets/Lowpoly Forest Pack/Prefabs2D/2DTree01.prefab using Guid(a56b11080fc8b2f44a26426d0af0c4c6) Importer(815301076,1909f56bfc062723c751e8b465ee728b)  -> (artifact id: '0c59924b120db3507b94e976e701e4c2') in 0.052880 seconds 
========================================================================
Received Import Request.
  Time since last request: 1.144061 seconds.
  path: Assets/Lowpoly Forest Pack/Prefabs2D/2DTree02.prefab
  artifactKey: Guid(cd1bccbcc55e7a04bb8393a94126c524) Importer(815301076,1909f56bfc062723c751e8b465ee728b)
Start importing Assets/Lowpoly Forest Pack/Prefabs2D/2DTree02.prefab using Guid(cd1bccbcc55e7a04bb8393a94126c524) Importer(815301076,1909f56bfc062723c751e8b465ee728b)  -> (artifact id: '8baaed591c3a5c92baa94cd18fd27066') in 0.038674 seconds 
========================================================================
Received Import Request.
  Time since last request: 1.090910 seconds.
  path: Assets/Lowpoly Forest Pack/Prefabs2D/2DTree03.prefab
  artifactKey: Guid(b208382e743a89447bb96cf4987b6338) Importer(815301076,1909f56bfc062723c751e8b465ee728b)
Start importing Assets/Lowpoly Forest Pack/Prefabs2D/2DTree03.prefab using Guid(b208382e743a89447bb96cf4987b6338) Importer(815301076,1909f56bfc062723c751e8b465ee728b)  -> (artifact id: '606eda0fe96dc7b855cfdd3fae8da100') in 0.071227 seconds 
========================================================================
Received Import Request.
  Time since last request: 0.518464 seconds.
  path: Assets/Lowpoly Forest Pack/Prefabs2D/2DTree04.prefab
  artifactKey: Guid(710d16de88dfed940a91be405f1913e3) Importer(815301076,1909f56bfc062723c751e8b465ee728b)
Start importing Assets/Lowpoly Forest Pack/Prefabs2D/2DTree04.prefab using Guid(710d16de88dfed940a91be405f1913e3) Importer(815301076,1909f56bfc062723c751e8b465ee728b)  -> (artifact id: '84e2edd2453395f1cccd6d7f02634b32') in 0.079655 seconds 
========================================================================
Received Import Request.
  Time since last request: 0.645881 seconds.
  path: Assets/Lowpoly Forest Pack/Prefabs2D/2DTree05.prefab
  artifactKey: Guid(a861a6060338e6146b01c685075137f9) Importer(815301076,1909f56bfc062723c751e8b465ee728b)
Start importing Assets/Lowpoly Forest Pack/Prefabs2D/2DTree05.prefab using Guid(a861a6060338e6146b01c685075137f9) Importer(815301076,1909f56bfc062723c751e8b465ee728b)  -> (artifact id: 'f6c66a589dda87eaca69328676c5e95d') in 0.074106 seconds 
========================================================================
Received Import Request.
  Time since last request: 0.422856 seconds.
  path: Assets/Lowpoly Forest Pack/Prefabs2D/2DTree06.prefab
  artifactKey: Guid(04edb9089a205bc49a43fdef24614024) Importer(815301076,1909f56bfc062723c751e8b465ee728b)
Start importing Assets/Lowpoly Forest Pack/Prefabs2D/2DTree06.prefab using Guid(04edb9089a205bc49a43fdef24614024) Importer(815301076,1909f56bfc062723c751e8b465ee728b)  -> (artifact id: '62ce27c72b65ed750b3697e02ba2d513') in 0.067458 seconds 
========================================================================
Received Import Request.
  Time since last request: 25.833621 seconds.
  path: Assets/Lowpoly Forest Pack/Sources2D/Textures2D/2DTree03.png
  artifactKey: Guid(faeb54beec78f174ca001f92cb02d762) Importer(815301076,1909f56bfc062723c751e8b465ee728b)
Start importing Assets/Lowpoly Forest Pack/Sources2D/Textures2D/2DTree03.png using Guid(faeb54beec78f174ca001f92cb02d762) Importer(815301076,1909f56bfc062723c751e8b465ee728b)  -> (artifact id: '2235ee5d839b757f5d49b07a2615cbeb') in 0.068294 seconds 
========================================================================
Received Import Request.
  Time since last request: 20.360489 seconds.
  path: Assets/Lowpoly Forest Pack
  artifactKey: Guid(5d6da0bb799acfc4885c8a88018ddc4b) Importer(815301076,1909f56bfc062723c751e8b465ee728b)
Start importing Assets/Lowpoly Forest Pack using Guid(5d6da0bb799acfc4885c8a88018ddc4b) Importer(815301076,1909f56bfc062723c751e8b465ee728b)  -> (artifact id: '1645f90c9a510f101ae0b40a5f8ea178') in 0.055960 seconds 
========================================================================
Received Import Request.
  Time since last request: 991.915689 seconds.
  path: Assets/Scenes/Main Scene.unity
  artifactKey: Guid(2cda990e2423bbf4892e6590ba056729) Importer(815301076,1909f56bfc062723c751e8b465ee728b)
Start importing Assets/Scenes/Main Scene.unity using Guid(2cda990e2423bbf4892e6590ba056729) Importer(815301076,1909f56bfc062723c751e8b465ee728b)  -> (artifact id: '78c4798b9b2b864fd9c1cd4680dc821f') in 0.028988 seconds 
========================================================================
Received Prepare
Registering precompiled user dll's ...
Registered in 0.001253 seconds.
Begin MonoManager ReloadAssembly
Native extension for WindowsStandalone target not found
Refreshing native plugins compatible for Editor in 0.40 ms, found 1 plugins.
Preloading 0 native plugins for Editor in 0.00 ms.
Mono: successfully reloaded assembly
- Completed reload, in  1.708 seconds
Platform modules already initialized, skipping
Refreshing native plugins compatible for Editor in 0.44 ms, found 1 plugins.
Preloading 0 native plugins for Editor in 0.00 ms.
Unloading 1855 Unused Serialized files (Serialized files now loaded: 0)
System memory in use before: 120.3 MB.
System memory in use after: 120.3 MB.

Unloading 12 unused Assets to reduce memory usage. Loaded Objects now: 2789.
Total: 3.853900 ms (FindLiveObjects: 0.260500 ms CreateObjectMapping: 0.103500 ms MarkObjects: 3.245900 ms  DeleteObjects: 0.241600 ms)

========================================================================
Received Import Request.
  Time since last request: 118.603269 seconds.
  path: Assets/Scenes/Alternate.unity
  artifactKey: Guid(29fac75a99fc6f746831a6f3ecca753f) Importer(815301076,1909f56bfc062723c751e8b465ee728b)
Start importing Assets/Scenes/Alternate.unity using Guid(29fac75a99fc6f746831a6f3ecca753f) Importer(815301076,1909f56bfc062723c751e8b465ee728b)  -> (artifact id: '56ebfb54b40d0144b2fb6e4ba02a002f') in 0.094746 seconds 
========================================================================
Received Prepare
Registering precompiled user dll's ...
Registered in 0.001778 seconds.
Begin MonoManager ReloadAssembly
Native extension for WindowsStandalone target not found
Refreshing native plugins compatible for Editor in 0.42 ms, found 1 plugins.
Preloading 0 native plugins for Editor in 0.00 ms.
Mono: successfully reloaded assembly
- Completed reload, in  1.135 seconds
Platform modules already initialized, skipping
Refreshing native plugins compatible for Editor in 0.37 ms, found 1 plugins.
Preloading 0 native plugins for Editor in 0.00 ms.
Unloading 1828 Unused Serialized files (Serialized files now loaded: 0)
System memory in use before: 119.2 MB.
System memory in use after: 119.2 MB.

Unloading 12 unused Assets to reduce memory usage. Loaded Objects now: 2793.
Total: 2.991200 ms (FindLiveObjects: 0.281900 ms CreateObjectMapping: 0.103800 ms MarkObjects: 2.480900 ms  DeleteObjects: 0.122800 ms)

========================================================================
Received Import Request.
  Time since last request: 109.851787 seconds.
  path: Assets/Scenes/Main Scene.unity
  artifactKey: Guid(2cda990e2423bbf4892e6590ba056729) Importer(815301076,1909f56bfc062723c751e8b465ee728b)
Start importing Assets/Scenes/Main Scene.unity using Guid(2cda990e2423bbf4892e6590ba056729) Importer(815301076,1909f56bfc062723c751e8b465ee728b)  -> (artifact id: 'c4064e4f5a1411beb8fc14e6d0ce8cf9') in 0.059303 seconds 
========================================================================
Received Import Request.
  Time since last request: 93.830305 seconds.
  path: Assets/Scenes/Alternate.unity
  artifactKey: Guid(29fac75a99fc6f746831a6f3ecca753f) Importer(815301076,1909f56bfc062723c751e8b465ee728b)
Start importing Assets/Scenes/Alternate.unity using Guid(29fac75a99fc6f746831a6f3ecca753f) Importer(815301076,1909f56bfc062723c751e8b465ee728b)  -> (artifact id: 'd445efd3f8650ebe19a354068607fc53') in 0.016999 seconds 
========================================================================
Received Import Request.
  Time since last request: 91.075884 seconds.
  path: Assets/Scenes/Main Scene.unity
  artifactKey: Guid(2cda990e2423bbf4892e6590ba056729) Importer(815301076,1909f56bfc062723c751e8b465ee728b)
Start importing Assets/Scenes/Main Scene.unity using Guid(2cda990e2423bbf4892e6590ba056729) Importer(815301076,1909f56bfc062723c751e8b465ee728b)  -> (artifact id: 'eb156c893cf718a49d7d947536e41288') in 0.017445 seconds 
========================================================================
Received Prepare
Registering precompiled user dll's ...
Registered in 0.001138 seconds.
Begin MonoManager ReloadAssembly
Native extension for WindowsStandalone target not found
Refreshing native plugins compatible for Editor in 0.49 ms, found 1 plugins.
Preloading 0 native plugins for Editor in 0.00 ms.
Mono: successfully reloaded assembly
- Completed reload, in  1.192 seconds
Platform modules already initialized, skipping
Refreshing native plugins compatible for Editor in 0.39 ms, found 1 plugins.
Preloading 0 native plugins for Editor in 0.00 ms.
Unloading 1828 Unused Serialized files (Serialized files now loaded: 0)
System memory in use before: 119.3 MB.
System memory in use after: 119.3 MB.

Unloading 12 unused Assets to reduce memory usage. Loaded Objects now: 2797.
Total: 3.364300 ms (FindLiveObjects: 0.295500 ms CreateObjectMapping: 0.087900 ms MarkObjects: 2.853900 ms  DeleteObjects: 0.125400 ms)

========================================================================
Received Prepare
Registering precompiled user dll's ...
Registered in 0.002081 seconds.
Begin MonoManager ReloadAssembly
Native extension for WindowsStandalone target not found
Refreshing native plugins compatible for Editor in 0.48 ms, found 1 plugins.
Preloading 0 native plugins for Editor in 0.00 ms.
Mono: successfully reloaded assembly
- Completed reload, in  1.404 seconds
Platform modules already initialized, skipping
Refreshing native plugins compatible for Editor in 0.36 ms, found 1 plugins.
Preloading 0 native plugins for Editor in 0.00 ms.
Unloading 1828 Unused Serialized files (Serialized files now loaded: 0)
System memory in use before: 119.3 MB.
System memory in use after: 119.3 MB.

Unloading 12 unused Assets to reduce memory usage. Loaded Objects now: 2801.
Total: 4.433100 ms (FindLiveObjects: 0.596600 ms CreateObjectMapping: 0.169000 ms MarkObjects: 3.492100 ms  DeleteObjects: 0.173500 ms)

========================================================================
Received Prepare
Registering precompiled user dll's ...
Registered in 0.001151 seconds.
Begin MonoManager ReloadAssembly
Native extension for WindowsStandalone target not found
Refreshing native plugins compatible for Editor in 0.39 ms, found 1 plugins.
Preloading 0 native plugins for Editor in 0.00 ms.
Mono: successfully reloaded assembly
- Completed reload, in  1.153 seconds
Platform modules already initialized, skipping
Refreshing native plugins compatible for Editor in 0.42 ms, found 1 plugins.
Preloading 0 native plugins for Editor in 0.00 ms.
Unloading 1828 Unused Serialized files (Serialized files now loaded: 0)
System memory in use before: 119.3 MB.
System memory in use after: 119.3 MB.

Unloading 12 unused Assets to reduce memory usage. Loaded Objects now: 2805.
Total: 3.347000 ms (FindLiveObjects: 0.435200 ms CreateObjectMapping: 0.192000 ms MarkObjects: 2.601600 ms  DeleteObjects: 0.116600 ms)

========================================================================
Received Prepare
Registering precompiled user dll's ...
Registered in 0.001226 seconds.
Begin MonoManager ReloadAssembly
Native extension for WindowsStandalone target not found
Refreshing native plugins compatible for Editor in 0.58 ms, found 1 plugins.
Preloading 0 native plugins for Editor in 0.00 ms.
Mono: successfully reloaded assembly
- Completed reload, in  1.393 seconds
Platform modules already initialized, skipping
Refreshing native plugins compatible for Editor in 0.39 ms, found 1 plugins.
Preloading 0 native plugins for Editor in 0.00 ms.
Unloading 1828 Unused Serialized files (Serialized files now loaded: 0)
System memory in use before: 119.3 MB.
System memory in use after: 119.3 MB.

Unloading 12 unused Assets to reduce memory usage. Loaded Objects now: 2809.
Total: 3.930900 ms (FindLiveObjects: 0.314500 ms CreateObjectMapping: 0.111800 ms MarkObjects: 3.302300 ms  DeleteObjects: 0.169500 ms)

========================================================================
Received Prepare
Registering precompiled user dll's ...
Registered in 0.001157 seconds.
Begin MonoManager ReloadAssembly
Native extension for WindowsStandalone target not found
Refreshing native plugins compatible for Editor in 0.39 ms, found 1 plugins.
Preloading 0 native plugins for Editor in 0.00 ms.
Mono: successfully reloaded assembly
- Completed reload, in  1.075 seconds
Platform modules already initialized, skipping
Refreshing native plugins compatible for Editor in 0.39 ms, found 1 plugins.
Preloading 0 native plugins for Editor in 0.00 ms.
Unloading 1828 Unused Serialized files (Serialized files now loaded: 0)
System memory in use before: 119.3 MB.
System memory in use after: 119.3 MB.

Unloading 12 unused Assets to reduce memory usage. Loaded Objects now: 2813.
Total: 3.278400 ms (FindLiveObjects: 0.459400 ms CreateObjectMapping: 0.139800 ms MarkObjects: 2.552300 ms  DeleteObjects: 0.124600 ms)

========================================================================
Received Prepare
Registering precompiled user dll's ...
Registered in 0.001167 seconds.
Begin MonoManager ReloadAssembly
Native extension for WindowsStandalone target not found
Refreshing native plugins compatible for Editor in 0.36 ms, found 1 plugins.
Preloading 0 native plugins for Editor in 0.00 ms.
Mono: successfully reloaded assembly
- Completed reload, in  1.220 seconds
Platform modules already initialized, skipping
Refreshing native plugins compatible for Editor in 0.43 ms, found 1 plugins.
Preloading 0 native plugins for Editor in 0.00 ms.
Unloading 1828 Unused Serialized files (Serialized files now loaded: 0)
System memory in use before: 119.4 MB.
System memory in use after: 119.4 MB.

Unloading 12 unused Assets to reduce memory usage. Loaded Objects now: 2817.
Total: 3.770300 ms (FindLiveObjects: 0.388200 ms CreateObjectMapping: 0.160700 ms MarkObjects: 3.098200 ms  DeleteObjects: 0.121400 ms)

========================================================================
Received Prepare
Registering precompiled user dll's ...
Registered in 0.001203 seconds.
Begin MonoManager ReloadAssembly
Native extension for WindowsStandalone target not found
Refreshing native plugins compatible for Editor in 0.40 ms, found 1 plugins.
Preloading 0 native plugins for Editor in 0.00 ms.
Mono: successfully reloaded assembly
- Completed reload, in  1.164 seconds
Platform modules already initialized, skipping
Refreshing native plugins compatible for Editor in 0.41 ms, found 1 plugins.
Preloading 0 native plugins for Editor in 0.00 ms.
Unloading 1828 Unused Serialized files (Serialized files now loaded: 0)
System memory in use before: 119.4 MB.
System memory in use after: 119.4 MB.

Unloading 12 unused Assets to reduce memory usage. Loaded Objects now: 2821.
Total: 3.096900 ms (FindLiveObjects: 0.345500 ms CreateObjectMapping: 0.112800 ms MarkObjects: 2.519500 ms  DeleteObjects: 0.117200 ms)

========================================================================
Received Prepare
Registering precompiled user dll's ...
Registered in 0.001144 seconds.
Begin MonoManager ReloadAssembly
Native extension for WindowsStandalone target not found
Refreshing native plugins compatible for Editor in 0.38 ms, found 1 plugins.
Preloading 0 native plugins for Editor in 0.00 ms.
Mono: successfully reloaded assembly
- Completed reload, in  1.257 seconds
Platform modules already initialized, skipping
Refreshing native plugins compatible for Editor in 0.40 ms, found 1 plugins.
Preloading 0 native plugins for Editor in 0.00 ms.
Unloading 1828 Unused Serialized files (Serialized files now loaded: 0)
System memory in use before: 119.4 MB.
System memory in use after: 119.4 MB.

Unloading 12 unused Assets to reduce memory usage. Loaded Objects now: 2825.
Total: 3.915800 ms (FindLiveObjects: 0.755400 ms CreateObjectMapping: 0.177400 ms MarkObjects: 2.861800 ms  DeleteObjects: 0.118300 ms)

========================================================================
Received Prepare
Registering precompiled user dll's ...
Registered in 0.001168 seconds.
Begin MonoManager ReloadAssembly
Native extension for WindowsStandalone target not found
Refreshing native plugins compatible for Editor in 0.39 ms, found 1 plugins.
Preloading 0 native plugins for Editor in 0.00 ms.
Mono: successfully reloaded assembly
- Completed reload, in  1.221 seconds
Platform modules already initialized, skipping
Refreshing native plugins compatible for Editor in 0.41 ms, found 1 plugins.
Preloading 0 native plugins for Editor in 0.00 ms.
Unloading 1828 Unused Serialized files (Serialized files now loaded: 0)
System memory in use before: 119.5 MB.
System memory in use after: 119.5 MB.

Unloading 12 unused Assets to reduce memory usage. Loaded Objects now: 2829.
Total: 4.088700 ms (FindLiveObjects: 0.581500 ms CreateObjectMapping: 0.151400 ms MarkObjects: 3.166700 ms  DeleteObjects: 0.186400 ms)

========================================================================
Received Prepare
Registering precompiled user dll's ...
Registered in 0.001184 seconds.
Begin MonoManager ReloadAssembly
Native extension for WindowsStandalone target not found
Refreshing native plugins compatible for Editor in 0.41 ms, found 1 plugins.
Preloading 0 native plugins for Editor in 0.00 ms.
Mono: successfully reloaded assembly
- Completed reload, in  1.231 seconds
Platform modules already initialized, skipping
Refreshing native plugins compatible for Editor in 0.39 ms, found 1 plugins.
Preloading 0 native plugins for Editor in 0.00 ms.
Unloading 1828 Unused Serialized files (Serialized files now loaded: 0)
System memory in use before: 119.5 MB.
System memory in use after: 119.5 MB.

Unloading 12 unused Assets to reduce memory usage. Loaded Objects now: 2833.
Total: 3.230300 ms (FindLiveObjects: 0.372900 ms CreateObjectMapping: 0.155500 ms MarkObjects: 2.575900 ms  DeleteObjects: 0.123500 ms)

========================================================================
Received Prepare
Registering precompiled user dll's ...
Registered in 0.001303 seconds.
Begin MonoManager ReloadAssembly
Native extension for WindowsStandalone target not found
Refreshing native plugins compatible for Editor in 0.47 ms, found 1 plugins.
Preloading 0 native plugins for Editor in 0.00 ms.
Mono: successfully reloaded assembly
- Completed reload, in  1.227 seconds
Platform modules already initialized, skipping
Refreshing native plugins compatible for Editor in 0.43 ms, found 1 plugins.
Preloading 0 native plugins for Editor in 0.00 ms.
Unloading 1828 Unused Serialized files (Serialized files now loaded: 0)
System memory in use before: 119.5 MB.
System memory in use after: 119.5 MB.

Unloading 12 unused Assets to reduce memory usage. Loaded Objects now: 2837.
Total: 3.496400 ms (FindLiveObjects: 0.316600 ms CreateObjectMapping: 0.120800 ms MarkObjects: 2.938800 ms  DeleteObjects: 0.117800 ms)

========================================================================
Received Prepare
Registering precompiled user dll's ...
Registered in 0.001161 seconds.
Begin MonoManager ReloadAssembly
Native extension for WindowsStandalone target not found
Refreshing native plugins compatible for Editor in 0.64 ms, found 1 plugins.
Preloading 0 native plugins for Editor in 0.00 ms.
Mono: successfully reloaded assembly
- Completed reload, in  1.211 seconds
Platform modules already initialized, skipping
Refreshing native plugins compatible for Editor in 0.39 ms, found 1 plugins.
Preloading 0 native plugins for Editor in 0.00 ms.
Unloading 1828 Unused Serialized files (Serialized files now loaded: 0)
System memory in use before: 119.5 MB.
System memory in use after: 119.5 MB.

Unloading 12 unused Assets to reduce memory usage. Loaded Objects now: 2841.
Total: 3.401800 ms (FindLiveObjects: 0.471500 ms CreateObjectMapping: 0.183200 ms MarkObjects: 2.620600 ms  DeleteObjects: 0.125100 ms)

========================================================================
Received Prepare
Registering precompiled user dll's ...
Registered in 0.001188 seconds.
Begin MonoManager ReloadAssembly
Native extension for WindowsStandalone target not found
Refreshing native plugins compatible for Editor in 0.50 ms, found 1 plugins.
Preloading 0 native plugins for Editor in 0.00 ms.
Mono: successfully reloaded assembly
- Completed reload, in  1.205 seconds
Platform modules already initialized, skipping
Refreshing native plugins compatible for Editor in 0.41 ms, found 1 plugins.
Preloading 0 native plugins for Editor in 0.00 ms.
Unloading 1828 Unused Serialized files (Serialized files now loaded: 0)
System memory in use before: 119.5 MB.
System memory in use after: 119.5 MB.

Unloading 12 unused Assets to reduce memory usage. Loaded Objects now: 2845.
Total: 3.834100 ms (FindLiveObjects: 0.621900 ms CreateObjectMapping: 0.198900 ms MarkObjects: 2.888300 ms  DeleteObjects: 0.122000 ms)

========================================================================
Received Prepare
Registering precompiled user dll's ...
Registered in 0.001396 seconds.
Begin MonoManager ReloadAssembly
Native extension for WindowsStandalone target not found
Refreshing native plugins compatible for Editor in 0.44 ms, found 1 plugins.
Preloading 0 native plugins for Editor in 0.00 ms.
Mono: successfully reloaded assembly
- Completed reload, in  1.219 seconds
Platform modules already initialized, skipping
Refreshing native plugins compatible for Editor in 0.54 ms, found 1 plugins.
Preloading 0 native plugins for Editor in 0.00 ms.
Unloading 1828 Unused Serialized files (Serialized files now loaded: 0)
System memory in use before: 119.5 MB.
System memory in use after: 119.5 MB.

Unloading 12 unused Assets to reduce memory usage. Loaded Objects now: 2849.
Total: 3.603000 ms (FindLiveObjects: 0.434400 ms CreateObjectMapping: 0.140600 ms MarkObjects: 2.905700 ms  DeleteObjects: 0.120000 ms)

========================================================================
Received Prepare
Registering precompiled user dll's ...
Registered in 0.001194 seconds.
Begin MonoManager ReloadAssembly
Native extension for WindowsStandalone target not found
Refreshing native plugins compatible for Editor in 0.55 ms, found 1 plugins.
Preloading 0 native plugins for Editor in 0.00 ms.
Mono: successfully reloaded assembly
- Completed reload, in  1.312 seconds
Platform modules already initialized, skipping
Refreshing native plugins compatible for Editor in 0.40 ms, found 1 plugins.
Preloading 0 native plugins for Editor in 0.00 ms.
Unloading 1828 Unused Serialized files (Serialized files now loaded: 0)
System memory in use before: 119.5 MB.
System memory in use after: 119.5 MB.

Unloading 12 unused Assets to reduce memory usage. Loaded Objects now: 2853.
Total: 3.201400 ms (FindLiveObjects: 0.268900 ms CreateObjectMapping: 0.115200 ms MarkObjects: 2.684000 ms  DeleteObjects: 0.131600 ms)

========================================================================
Received Prepare
Registering precompiled user dll's ...
Registered in 0.001335 seconds.
Begin MonoManager ReloadAssembly
Native extension for WindowsStandalone target not found
Refreshing native plugins compatible for Editor in 0.41 ms, found 1 plugins.
Preloading 0 native plugins for Editor in 0.00 ms.
Mono: successfully reloaded assembly
- Completed reload, in  1.290 seconds
Platform modules already initialized, skipping
Refreshing native plugins compatible for Editor in 0.45 ms, found 1 plugins.
Preloading 0 native plugins for Editor in 0.00 ms.
Unloading 1828 Unused Serialized files (Serialized files now loaded: 0)
System memory in use before: 119.6 MB.
System memory in use after: 119.6 MB.

Unloading 12 unused Assets to reduce memory usage. Loaded Objects now: 2857.
Total: 3.693900 ms (FindLiveObjects: 0.363800 ms CreateObjectMapping: 0.218700 ms MarkObjects: 2.990900 ms  DeleteObjects: 0.118600 ms)

========================================================================
Received Prepare
Registering precompiled user dll's ...
Registered in 0.001151 seconds.
Begin MonoManager ReloadAssembly
Native extension for WindowsStandalone target not found
Refreshing native plugins compatible for Editor in 0.41 ms, found 1 plugins.
Preloading 0 native plugins for Editor in 0.00 ms.
Mono: successfully reloaded assembly
- Completed reload, in  1.232 seconds
Platform modules already initialized, skipping
Refreshing native plugins compatible for Editor in 0.40 ms, found 1 plugins.
Preloading 0 native plugins for Editor in 0.00 ms.
Unloading 1828 Unused Serialized files (Serialized files now loaded: 0)
System memory in use before: 119.6 MB.
System memory in use after: 119.6 MB.

Unloading 12 unused Assets to reduce memory usage. Loaded Objects now: 2861.
Total: 4.131400 ms (FindLiveObjects: 0.430900 ms CreateObjectMapping: 0.196600 ms MarkObjects: 3.386900 ms  DeleteObjects: 0.115300 ms)

========================================================================
Received Import Request.
  Time since last request: 1607.687832 seconds.
  path: ProjectSettings/TagManager.asset
  artifactKey: Guid(00000000000000003000000000000000) Importer(815301076,1909f56bfc062723c751e8b465ee728b)
Start importing ProjectSettings/TagManager.asset using Guid(00000000000000003000000000000000) Importer(815301076,1909f56bfc062723c751e8b465ee728b)  -> (artifact id: '43a6afc12af05d0856ac2598bea845af') in 0.029255 seconds 
========================================================================
Received Prepare
Registering precompiled user dll's ...
Registered in 0.001185 seconds.
Begin MonoManager ReloadAssembly
Native extension for WindowsStandalone target not found
Refreshing native plugins compatible for Editor in 0.51 ms, found 1 plugins.
Preloading 0 native plugins for Editor in 0.00 ms.
Mono: successfully reloaded assembly
- Completed reload, in  1.294 seconds
Platform modules already initialized, skipping
Refreshing native plugins compatible for Editor in 0.60 ms, found 1 plugins.
Preloading 0 native plugins for Editor in 0.00 ms.
Unloading 1828 Unused Serialized files (Serialized files now loaded: 0)
System memory in use before: 119.6 MB.
System memory in use after: 119.6 MB.

Unloading 13 unused Assets to reduce memory usage. Loaded Objects now: 2865.
Total: 3.810700 ms (FindLiveObjects: 0.665700 ms CreateObjectMapping: 0.146800 ms MarkObjects: 2.872000 ms  DeleteObjects: 0.124100 ms)

========================================================================
Received Prepare
Registering precompiled user dll's ...
Registered in 0.001148 seconds.
Begin MonoManager ReloadAssembly
Native extension for WindowsStandalone target not found
Refreshing native plugins compatible for Editor in 0.40 ms, found 1 plugins.
Preloading 0 native plugins for Editor in 0.00 ms.
Mono: successfully reloaded assembly
- Completed reload, in  1.136 seconds
Platform modules already initialized, skipping
Refreshing native plugins compatible for Editor in 0.39 ms, found 1 plugins.
Preloading 0 native plugins for Editor in 0.00 ms.
Unloading 1828 Unused Serialized files (Serialized files now loaded: 0)
System memory in use before: 119.6 MB.
System memory in use after: 119.6 MB.

Unloading 12 unused Assets to reduce memory usage. Loaded Objects now: 2869.
Total: 3.706900 ms (FindLiveObjects: 0.290900 ms CreateObjectMapping: 0.116800 ms MarkObjects: 3.167600 ms  DeleteObjects: 0.129800 ms)

========================================================================
Received Prepare
Registering precompiled user dll's ...
Registered in 0.001193 seconds.
Begin MonoManager ReloadAssembly
Native extension for WindowsStandalone target not found
Refreshing native plugins compatible for Editor in 0.40 ms, found 1 plugins.
Preloading 0 native plugins for Editor in 0.00 ms.
Mono: successfully reloaded assembly
- Completed reload, in  1.145 seconds
Platform modules already initialized, skipping
Refreshing native plugins compatible for Editor in 0.40 ms, found 1 plugins.
Preloading 0 native plugins for Editor in 0.00 ms.
Unloading 1828 Unused Serialized files (Serialized files now loaded: 0)
System memory in use before: 119.6 MB.
System memory in use after: 119.6 MB.

Unloading 12 unused Assets to reduce memory usage. Loaded Objects now: 2873.
Total: 3.652900 ms (FindLiveObjects: 0.491600 ms CreateObjectMapping: 0.194200 ms MarkObjects: 2.848800 ms  DeleteObjects: 0.117000 ms)

========================================================================
Received Prepare
Registering precompiled user dll's ...
Registered in 0.001967 seconds.
Begin MonoManager ReloadAssembly
Native extension for WindowsStandalone target not found
Refreshing native plugins compatible for Editor in 0.68 ms, found 1 plugins.
Preloading 0 native plugins for Editor in 0.00 ms.
Mono: successfully reloaded assembly
- Completed reload, in  1.324 seconds
Platform modules already initialized, skipping
Refreshing native plugins compatible for Editor in 0.40 ms, found 1 plugins.
Preloading 0 native plugins for Editor in 0.00 ms.
Unloading 1828 Unused Serialized files (Serialized files now loaded: 0)
System memory in use before: 119.6 MB.
System memory in use after: 119.6 MB.

Unloading 12 unused Assets to reduce memory usage. Loaded Objects now: 2877.
Total: 3.403500 ms (FindLiveObjects: 0.433100 ms CreateObjectMapping: 0.146100 ms MarkObjects: 2.693800 ms  DeleteObjects: 0.127600 ms)

========================================================================
Received Prepare
Registering precompiled user dll's ...
Registered in 0.001245 seconds.
Begin MonoManager ReloadAssembly
Native extension for WindowsStandalone target not found
Refreshing native plugins compatible for Editor in 0.42 ms, found 1 plugins.
Preloading 0 native plugins for Editor in 0.00 ms.
Mono: successfully reloaded assembly
- Completed reload, in  1.253 seconds
Platform modules already initialized, skipping
Refreshing native plugins compatible for Editor in 0.42 ms, found 1 plugins.
Preloading 0 native plugins for Editor in 0.00 ms.
Unloading 1828 Unused Serialized files (Serialized files now loaded: 0)
System memory in use before: 119.6 MB.
System memory in use after: 119.6 MB.

Unloading 12 unused Assets to reduce memory usage. Loaded Objects now: 2881.
Total: 5.966600 ms (FindLiveObjects: 0.471200 ms CreateObjectMapping: 0.165000 ms MarkObjects: 5.202300 ms  DeleteObjects: 0.125200 ms)

========================================================================
Received Prepare
Registering precompiled user dll's ...
Registered in 0.001268 seconds.
Begin MonoManager ReloadAssembly
Native extension for WindowsStandalone target not found
Refreshing native plugins compatible for Editor in 0.42 ms, found 1 plugins.
Preloading 0 native plugins for Editor in 0.00 ms.
Mono: successfully reloaded assembly
- Completed reload, in  1.180 seconds
Platform modules already initialized, skipping
Refreshing native plugins compatible for Editor in 0.38 ms, found 1 plugins.
Preloading 0 native plugins for Editor in 0.00 ms.
Unloading 1828 Unused Serialized files (Serialized files now loaded: 0)
System memory in use before: 119.8 MB.
System memory in use after: 119.8 MB.

Unloading 12 unused Assets to reduce memory usage. Loaded Objects now: 2885.
Total: 3.822200 ms (FindLiveObjects: 0.565200 ms CreateObjectMapping: 0.184500 ms MarkObjects: 2.948500 ms  DeleteObjects: 0.122300 ms)

========================================================================
Received Prepare
Registering precompiled user dll's ...
Registered in 0.001145 seconds.
Begin MonoManager ReloadAssembly
Native extension for WindowsStandalone target not found
Refreshing native plugins compatible for Editor in 1.05 ms, found 1 plugins.
Preloading 0 native plugins for Editor in 0.00 ms.
Mono: successfully reloaded assembly
- Completed reload, in  1.227 seconds
Platform modules already initialized, skipping
Refreshing native plugins compatible for Editor in 0.39 ms, found 1 plugins.
Preloading 0 native plugins for Editor in 0.00 ms.
Unloading 1828 Unused Serialized files (Serialized files now loaded: 0)
System memory in use before: 119.8 MB.
System memory in use after: 119.8 MB.

Unloading 12 unused Assets to reduce memory usage. Loaded Objects now: 2889.
Total: 3.294900 ms (FindLiveObjects: 0.391500 ms CreateObjectMapping: 0.133300 ms MarkObjects: 2.646500 ms  DeleteObjects: 0.121600 ms)

========================================================================
Received Prepare
Registering precompiled user dll's ...
Registered in 0.001665 seconds.
Begin MonoManager ReloadAssembly
Native extension for WindowsStandalone target not found
Refreshing native plugins compatible for Editor in 0.39 ms, found 1 plugins.
Preloading 0 native plugins for Editor in 0.00 ms.
Mono: successfully reloaded assembly
- Completed reload, in  1.354 seconds
Platform modules already initialized, skipping
Refreshing native plugins compatible for Editor in 0.42 ms, found 1 plugins.
Preloading 0 native plugins for Editor in 0.00 ms.
Unloading 1828 Unused Serialized files (Serialized files now loaded: 0)
System memory in use before: 119.8 MB.
System memory in use after: 119.9 MB.

Unloading 12 unused Assets to reduce memory usage. Loaded Objects now: 2893.
Total: 3.189100 ms (FindLiveObjects: 0.313800 ms CreateObjectMapping: 0.118300 ms MarkObjects: 2.649600 ms  DeleteObjects: 0.105900 ms)

========================================================================
Received Prepare
Registering precompiled user dll's ...
Registered in 0.001593 seconds.
Begin MonoManager ReloadAssembly
Native extension for WindowsStandalone target not found
Refreshing native plugins compatible for Editor in 0.36 ms, found 1 plugins.
Preloading 0 native plugins for Editor in 0.00 ms.
Mono: successfully reloaded assembly
- Completed reload, in  1.149 seconds
Platform modules already initialized, skipping
Refreshing native plugins compatible for Editor in 0.40 ms, found 1 plugins.
Preloading 0 native plugins for Editor in 0.00 ms.
Unloading 1828 Unused Serialized files (Serialized files now loaded: 0)
System memory in use before: 119.9 MB.
System memory in use after: 120.0 MB.

Unloading 12 unused Assets to reduce memory usage. Loaded Objects now: 2897.
Total: 4.044100 ms (FindLiveObjects: 0.829500 ms CreateObjectMapping: 0.103400 ms MarkObjects: 2.991400 ms  DeleteObjects: 0.117300 ms)

========================================================================
Received Prepare
Registering precompiled user dll's ...
Registered in 0.001174 seconds.
Begin MonoManager ReloadAssembly
Native extension for WindowsStandalone target not found
Refreshing native plugins compatible for Editor in 0.38 ms, found 1 plugins.
Preloading 0 native plugins for Editor in 0.00 ms.
Mono: successfully reloaded assembly
- Completed reload, in  1.160 seconds
Platform modules already initialized, skipping
Refreshing native plugins compatible for Editor in 0.40 ms, found 1 plugins.
Preloading 0 native plugins for Editor in 0.00 ms.
Unloading 1828 Unused Serialized files (Serialized files now loaded: 0)
System memory in use before: 119.9 MB.
System memory in use after: 120.0 MB.

Unloading 12 unused Assets to reduce memory usage. Loaded Objects now: 2901.
Total: 3.664300 ms (FindLiveObjects: 0.321000 ms CreateObjectMapping: 0.130200 ms MarkObjects: 3.091700 ms  DeleteObjects: 0.119600 ms)

========================================================================
Received Prepare
Registering precompiled user dll's ...
Registered in 0.001214 seconds.
Begin MonoManager ReloadAssembly
Native extension for WindowsStandalone target not found
Refreshing native plugins compatible for Editor in 0.39 ms, found 1 plugins.
Preloading 0 native plugins for Editor in 0.00 ms.
Mono: successfully reloaded assembly
- Completed reload, in  1.243 seconds
Platform modules already initialized, skipping
Refreshing native plugins compatible for Editor in 0.40 ms, found 1 plugins.
Preloading 0 native plugins for Editor in 0.00 ms.
Unloading 1828 Unused Serialized files (Serialized files now loaded: 0)
System memory in use before: 119.9 MB.
System memory in use after: 120.0 MB.

Unloading 12 unused Assets to reduce memory usage. Loaded Objects now: 2905.
Total: 5.107100 ms (FindLiveObjects: 1.372800 ms CreateObjectMapping: 0.241500 ms MarkObjects: 3.380900 ms  DeleteObjects: 0.109900 ms)

========================================================================
Received Prepare
Registering precompiled user dll's ...
Registered in 0.001483 seconds.
Begin MonoManager ReloadAssembly
Native extension for WindowsStandalone target not found
Refreshing native plugins compatible for Editor in 0.43 ms, found 1 plugins.
Preloading 0 native plugins for Editor in 0.00 ms.
Mono: successfully reloaded assembly
- Completed reload, in  1.258 seconds
Platform modules already initialized, skipping
Refreshing native plugins compatible for Editor in 0.40 ms, found 1 plugins.
Preloading 0 native plugins for Editor in 0.00 ms.
Unloading 1828 Unused Serialized files (Serialized files now loaded: 0)
System memory in use before: 119.9 MB.
System memory in use after: 120.0 MB.

Unloading 12 unused Assets to reduce memory usage. Loaded Objects now: 2909.
Total: 4.090700 ms (FindLiveObjects: 0.465900 ms CreateObjectMapping: 0.126400 ms MarkObjects: 3.367900 ms  DeleteObjects: 0.127600 ms)

========================================================================
Received Prepare
Registering precompiled user dll's ...
Registered in 0.001605 seconds.
Begin MonoManager ReloadAssembly
Native extension for WindowsStandalone target not found
Refreshing native plugins compatible for Editor in 0.78 ms, found 1 plugins.
Preloading 0 native plugins for Editor in 0.00 ms.
Mono: successfully reloaded assembly
- Completed reload, in  1.300 seconds
Platform modules already initialized, skipping
Refreshing native plugins compatible for Editor in 0.38 ms, found 1 plugins.
Preloading 0 native plugins for Editor in 0.00 ms.
Unloading 1828 Unused Serialized files (Serialized files now loaded: 0)
System memory in use before: 119.9 MB.
System memory in use after: 120.0 MB.

Unloading 12 unused Assets to reduce memory usage. Loaded Objects now: 2913.
Total: 4.034700 ms (FindLiveObjects: 0.553200 ms CreateObjectMapping: 0.226900 ms MarkObjects: 3.114300 ms  DeleteObjects: 0.137600 ms)

========================================================================
Received Prepare
Registering precompiled user dll's ...
Registered in 0.001224 seconds.
Begin MonoManager ReloadAssembly
Native extension for WindowsStandalone target not found
Refreshing native plugins compatible for Editor in 0.39 ms, found 1 plugins.
Preloading 0 native plugins for Editor in 0.00 ms.
Mono: successfully reloaded assembly
- Completed reload, in  1.243 seconds
Platform modules already initialized, skipping
Refreshing native plugins compatible for Editor in 0.40 ms, found 1 plugins.
Preloading 0 native plugins for Editor in 0.00 ms.
Unloading 1828 Unused Serialized files (Serialized files now loaded: 0)
System memory in use before: 119.9 MB.
System memory in use after: 120.0 MB.

Unloading 12 unused Assets to reduce memory usage. Loaded Objects now: 2917.
Total: 3.357300 ms (FindLiveObjects: 0.259900 ms CreateObjectMapping: 0.118300 ms MarkObjects: 2.865900 ms  DeleteObjects: 0.112000 ms)

========================================================================
Received Prepare
Registering precompiled user dll's ...
Registered in 0.001476 seconds.
Begin MonoManager ReloadAssembly
Native extension for WindowsStandalone target not found
Refreshing native plugins compatible for Editor in 0.37 ms, found 1 plugins.
Preloading 0 native plugins for Editor in 0.00 ms.
Mono: successfully reloaded assembly
- Completed reload, in  1.095 seconds
Platform modules already initialized, skipping
Refreshing native plugins compatible for Editor in 0.38 ms, found 1 plugins.
Preloading 0 native plugins for Editor in 0.00 ms.
Unloading 1828 Unused Serialized files (Serialized files now loaded: 0)
System memory in use before: 119.9 MB.
System memory in use after: 120.0 MB.

Unloading 12 unused Assets to reduce memory usage. Loaded Objects now: 2921.
Total: 3.541900 ms (FindLiveObjects: 0.553500 ms CreateObjectMapping: 0.269000 ms MarkObjects: 2.606100 ms  DeleteObjects: 0.111700 ms)

========================================================================
Received Prepare
Registering precompiled user dll's ...
Registered in 0.001379 seconds.
Begin MonoManager ReloadAssembly
Native extension for WindowsStandalone target not found
Refreshing native plugins compatible for Editor in 0.36 ms, found 1 plugins.
Preloading 0 native plugins for Editor in 0.00 ms.
Mono: successfully reloaded assembly
- Completed reload, in  1.181 seconds
Platform modules already initialized, skipping
Refreshing native plugins compatible for Editor in 0.42 ms, found 1 plugins.
Preloading 0 native plugins for Editor in 0.00 ms.
Unloading 1828 Unused Serialized files (Serialized files now loaded: 0)
System memory in use before: 119.9 MB.
System memory in use after: 120.0 MB.

Unloading 12 unused Assets to reduce memory usage. Loaded Objects now: 2925.
Total: 3.381000 ms (FindLiveObjects: 0.456600 ms CreateObjectMapping: 0.226200 ms MarkObjects: 2.580000 ms  DeleteObjects: 0.116200 ms)

========================================================================
Received Prepare
Registering precompiled user dll's ...
Registered in 0.001386 seconds.
Begin MonoManager ReloadAssembly
Native extension for WindowsStandalone target not found
Refreshing native plugins compatible for Editor in 0.49 ms, found 1 plugins.
Preloading 0 native plugins for Editor in 0.00 ms.
Mono: successfully reloaded assembly
- Completed reload, in  1.142 seconds
Platform modules already initialized, skipping
Refreshing native plugins compatible for Editor in 0.38 ms, found 1 plugins.
Preloading 0 native plugins for Editor in 0.00 ms.
Unloading 1828 Unused Serialized files (Serialized files now loaded: 0)
System memory in use before: 120.0 MB.
System memory in use after: 120.0 MB.

Unloading 12 unused Assets to reduce memory usage. Loaded Objects now: 2929.
Total: 3.381800 ms (FindLiveObjects: 0.514600 ms CreateObjectMapping: 0.202400 ms MarkObjects: 2.550800 ms  DeleteObjects: 0.111900 ms)

========================================================================
Received Prepare
Registering precompiled user dll's ...
Registered in 0.002256 seconds.
Begin MonoManager ReloadAssembly
Native extension for WindowsStandalone target not found
Refreshing native plugins compatible for Editor in 0.68 ms, found 1 plugins.
Preloading 0 native plugins for Editor in 0.00 ms.
Mono: successfully reloaded assembly
- Completed reload, in  1.187 seconds
Platform modules already initialized, skipping
Refreshing native plugins compatible for Editor in 0.39 ms, found 1 plugins.
Preloading 0 native plugins for Editor in 0.00 ms.
Unloading 1828 Unused Serialized files (Serialized files now loaded: 0)
System memory in use before: 120.0 MB.
System memory in use after: 120.1 MB.

Unloading 12 unused Assets to reduce memory usage. Loaded Objects now: 2933.
Total: 4.080700 ms (FindLiveObjects: 0.367000 ms CreateObjectMapping: 0.096500 ms MarkObjects: 3.470500 ms  DeleteObjects: 0.144500 ms)

