Using pre-set license
Built from '2021.1/release' branch; Version is '2021.1.0f1 (61a549675243) revision 6399305'; Using compiler version '192528614'; Build Type 'Release'
OS: 'Windows 10 Home; OS build 21370.1; Version 2009; 64bit' Language: 'en' Physical Memory: 8044 MB
BatchMode: 1, IsHumanControllingUs: 0, StartBugReporterOnCrash: 0, Is64bit: 1, IsPro: 0

 COMMAND LINE ARGUMENTS:
C:\UnityProjects\2021.1.0f1\Editor\Unity.exe
-adb2
-batchMode
-noUpm
-name
AssetImportWorker0
-projectPath
C:/UnityProjects/Portal-2D
-logFile
Logs/AssetImportWorker0.log
-srvPort
49247
Successfully changed project path to: C:/UnityProjects/Portal-2D
C:/UnityProjects/Portal-2D
Using Asset Import Pipeline V2.
Refreshing native plugins compatible for Editor in 102.00 ms, found 1 plugins.
Preloading 0 native plugins for Editor in 0.00 ms.
Initialize engine version: 2021.1.0f1 (61a549675243)
[Subsystems] Discovering subsystems at path C:/UnityProjects/2021.1.0f1/Editor/Data/Resources/UnitySubsystems
[Subsystems] Discovering subsystems at path C:/UnityProjects/Portal-2D/Assets
GfxDevice: creating device client; threaded=0; jobified=0
Direct3D:
    Version:  Direct3D 11.0 [level 11.1]
    Renderer: NVIDIA GeForce GTX 1650 (ID=0x1f91)
    Vendor:   NVIDIA
    VRAM:     3964 MB
    Driver:   27.21.14.6627
Initialize mono
Mono path[0] = 'C:/UnityProjects/2021.1.0f1/Editor/Data/Managed'
Mono path[1] = 'C:/UnityProjects/2021.1.0f1/Editor/Data/MonoBleedingEdge/lib/mono/unityjit'
Mono config path = 'C:/UnityProjects/2021.1.0f1/Editor/Data/MonoBleedingEdge/etc'
Using monoOptions --debugger-agent=transport=dt_socket,embedding=1,server=y,suspend=n,address=127.0.0.1:56032
Begin MonoManager ReloadAssembly
Registering precompiled unity dll's ...
Register platform support module: C:/UnityProjects/2021.1.0f1/Editor/Data/PlaybackEngines/WindowsStandaloneSupport/UnityEditor.WindowsStandalone.Extensions.dll
Registered in 0.003141 seconds.
Native extension for WindowsStandalone target not found
Refreshing native plugins compatible for Editor in 52.90 ms, found 1 plugins.
Preloading 0 native plugins for Editor in 0.00 ms.
Mono: successfully reloaded assembly
- Completed reload, in  9.730 seconds
Platform modules already initialized, skipping
Registering precompiled user dll's ...
Registered in 0.001539 seconds.
Begin MonoManager ReloadAssembly
Native extension for WindowsStandalone target not found
Refreshing native plugins compatible for Editor in 40.45 ms, found 1 plugins.
Preloading 0 native plugins for Editor in 0.00 ms.
Mono: successfully reloaded assembly
- Completed reload, in  1.305 seconds
Platform modules already initialized, skipping
========================================================================
Worker process is ready to serve import requests
Launched and connected shader compiler UnityShaderCompiler.exe after 0.15 seconds
Refreshing native plugins compatible for Editor in 0.62 ms, found 1 plugins.
Preloading 0 native plugins for Editor in 0.00 ms.
Unloading 1834 Unused Serialized files (Serialized files now loaded: 0)
System memory in use before: 88.1 MB.
System memory in use after: 88.1 MB.

Unloading 23 unused Assets to reduce memory usage. Loaded Objects now: 2303.
Total: 4.283400 ms (FindLiveObjects: 0.637500 ms CreateObjectMapping: 0.230200 ms MarkObjects: 3.267900 ms  DeleteObjects: 0.145800 ms)

========================================================================
Received Import Request.
  path: Assets/Scripts/BringThroughScenesCamera.main.cs
  artifactKey: Guid(9d4ee8b79cec634459242aae4146b35c) Importer(815301076,1909f56bfc062723c751e8b465ee728b)
Start importing Assets/Scripts/BringThroughScenesCamera.main.cs using Guid(9d4ee8b79cec634459242aae4146b35c) Importer(815301076,1909f56bfc062723c751e8b465ee728b)  -> (artifact id: '0e4b8644486c875b655c803cd32f6049') in 0.298950 seconds 
========================================================================
Received Prepare
Registering precompiled user dll's ...
Registered in 0.001467 seconds.
Begin MonoManager ReloadAssembly
Native extension for WindowsStandalone target not found
Refreshing native plugins compatible for Editor in 0.43 ms, found 1 plugins.
Preloading 0 native plugins for Editor in 0.00 ms.
Mono: successfully reloaded assembly
- Completed reload, in  1.526 seconds
Platform modules already initialized, skipping
Refreshing native plugins compatible for Editor in 0.88 ms, found 1 plugins.
Preloading 0 native plugins for Editor in 0.00 ms.
Unloading 1829 Unused Serialized files (Serialized files now loaded: 0)
System memory in use before: 88.1 MB.
System memory in use after: 88.1 MB.

Unloading 12 unused Assets to reduce memory usage. Loaded Objects now: 2307.
Total: 3.132400 ms (FindLiveObjects: 0.283500 ms CreateObjectMapping: 0.138200 ms MarkObjects: 2.577600 ms  DeleteObjects: 0.131100 ms)

========================================================================
Received Import Request.
  Time since last request: 39.445396 seconds.
  path: Assets/Scripts/BringThroughScenesCamera.main.cs
  artifactKey: Guid(9d4ee8b79cec634459242aae4146b35c) Importer(815301076,1909f56bfc062723c751e8b465ee728b)
Start importing Assets/Scripts/BringThroughScenesCamera.main.cs using Guid(9d4ee8b79cec634459242aae4146b35c) Importer(815301076,1909f56bfc062723c751e8b465ee728b)  -> (artifact id: '0c55ab8a764337e03416b2f2f6a11734') in 0.011518 seconds 
========================================================================
Received Import Request.
  Time since last request: 7.088543 seconds.
  path: Assets/Scripts/BringThroughScenesCamera-main.cs
  artifactKey: Guid(9d4ee8b79cec634459242aae4146b35c) Importer(815301076,1909f56bfc062723c751e8b465ee728b)
Start importing Assets/Scripts/BringThroughScenesCamera-main.cs using Guid(9d4ee8b79cec634459242aae4146b35c) Importer(815301076,1909f56bfc062723c751e8b465ee728b)  -> (artifact id: 'd5da3622d7724231ef66dbff5d871aed') in 0.024185 seconds 
========================================================================
Received Prepare
Registering precompiled user dll's ...
Registered in 0.001959 seconds.
Begin MonoManager ReloadAssembly
Native extension for WindowsStandalone target not found
Refreshing native plugins compatible for Editor in 0.45 ms, found 1 plugins.
Preloading 0 native plugins for Editor in 0.00 ms.
Mono: successfully reloaded assembly
- Completed reload, in  1.438 seconds
Platform modules already initialized, skipping
Refreshing native plugins compatible for Editor in 0.49 ms, found 1 plugins.
Preloading 0 native plugins for Editor in 0.00 ms.
Unloading 1829 Unused Serialized files (Serialized files now loaded: 0)
System memory in use before: 88.2 MB.
System memory in use after: 88.2 MB.

Unloading 12 unused Assets to reduce memory usage. Loaded Objects now: 2311.
Total: 3.120500 ms (FindLiveObjects: 0.183500 ms CreateObjectMapping: 0.079100 ms MarkObjects: 2.713600 ms  DeleteObjects: 0.142500 ms)

========================================================================
Received Prepare
Registering precompiled user dll's ...
Registered in 0.001406 seconds.
Begin MonoManager ReloadAssembly
Native extension for WindowsStandalone target not found
Refreshing native plugins compatible for Editor in 0.66 ms, found 1 plugins.
Preloading 0 native plugins for Editor in 0.00 ms.
Mono: successfully reloaded assembly
- Completed reload, in  1.443 seconds
Platform modules already initialized, skipping
Refreshing native plugins compatible for Editor in 0.52 ms, found 1 plugins.
Preloading 0 native plugins for Editor in 0.00 ms.
Unloading 1829 Unused Serialized files (Serialized files now loaded: 0)
System memory in use before: 88.2 MB.
System memory in use after: 88.2 MB.

Unloading 12 unused Assets to reduce memory usage. Loaded Objects now: 2315.
Total: 4.640100 ms (FindLiveObjects: 0.361600 ms CreateObjectMapping: 0.164000 ms MarkObjects: 3.975800 ms  DeleteObjects: 0.137100 ms)

========================================================================
Received Import Request.
  Time since last request: 29.683042 seconds.
  path: Assets/Scripts/BringThroughScenesCamera-main.cs
  artifactKey: Guid(9d4ee8b79cec634459242aae4146b35c) Importer(815301076,1909f56bfc062723c751e8b465ee728b)
Start importing Assets/Scripts/BringThroughScenesCamera-main.cs using Guid(9d4ee8b79cec634459242aae4146b35c) Importer(815301076,1909f56bfc062723c751e8b465ee728b)  -> (artifact id: '2de5ee31b93e73c7b57557d81e8a31e5') in 0.013882 seconds 
========================================================================
Received Import Request.
  Time since last request: 3.178586 seconds.
  path: Assets/Scripts/BringThroughScenesCameramain.cs
  artifactKey: Guid(9d4ee8b79cec634459242aae4146b35c) Importer(815301076,1909f56bfc062723c751e8b465ee728b)
Start importing Assets/Scripts/BringThroughScenesCameramain.cs using Guid(9d4ee8b79cec634459242aae4146b35c) Importer(815301076,1909f56bfc062723c751e8b465ee728b)  -> (artifact id: '6e1307e6a00c3642298f9ad4ddfdc8b8') in 0.019871 seconds 
========================================================================
Received Prepare
Registering precompiled user dll's ...
Registered in 0.001500 seconds.
Begin MonoManager ReloadAssembly
Native extension for WindowsStandalone target not found
Refreshing native plugins compatible for Editor in 0.99 ms, found 1 plugins.
Preloading 0 native plugins for Editor in 0.00 ms.
Mono: successfully reloaded assembly
- Completed reload, in  1.488 seconds
Platform modules already initialized, skipping
Refreshing native plugins compatible for Editor in 0.79 ms, found 1 plugins.
Preloading 0 native plugins for Editor in 0.00 ms.
Unloading 1829 Unused Serialized files (Serialized files now loaded: 0)
System memory in use before: 88.2 MB.
System memory in use after: 88.2 MB.

Unloading 12 unused Assets to reduce memory usage. Loaded Objects now: 2319.
Total: 4.402300 ms (FindLiveObjects: 0.383100 ms CreateObjectMapping: 0.201900 ms MarkObjects: 3.669100 ms  DeleteObjects: 0.146000 ms)

========================================================================
Received Import Request.
  Time since last request: 12.112967 seconds.
  path: Assets/Scripts/BringThroughScenesCameraMain.cs
  artifactKey: Guid(9d4ee8b79cec634459242aae4146b35c) Importer(815301076,1909f56bfc062723c751e8b465ee728b)
Start importing Assets/Scripts/BringThroughScenesCameraMain.cs using Guid(9d4ee8b79cec634459242aae4146b35c) Importer(815301076,1909f56bfc062723c751e8b465ee728b)  -> (artifact id: '39f682d10671a3dbc4fdd1d8de5927ef') in 0.021785 seconds 
========================================================================
Received Prepare
Registering precompiled user dll's ...
Registered in 0.001358 seconds.
Begin MonoManager ReloadAssembly
Native extension for WindowsStandalone target not found
Refreshing native plugins compatible for Editor in 0.37 ms, found 1 plugins.
Preloading 0 native plugins for Editor in 0.00 ms.
Mono: successfully reloaded assembly
- Completed reload, in  1.442 seconds
Platform modules already initialized, skipping
Refreshing native plugins compatible for Editor in 0.61 ms, found 1 plugins.
Preloading 0 native plugins for Editor in 0.00 ms.
Unloading 1829 Unused Serialized files (Serialized files now loaded: 0)
System memory in use before: 88.2 MB.
System memory in use after: 88.2 MB.

Unloading 12 unused Assets to reduce memory usage. Loaded Objects now: 2323.
Total: 3.314800 ms (FindLiveObjects: 0.348000 ms CreateObjectMapping: 0.091600 ms MarkObjects: 2.721300 ms  DeleteObjects: 0.152100 ms)

========================================================================
Received Import Request.
  Time since last request: 56.012466 seconds.
  path: Assets/Scripts/PortalController.cs
  artifactKey: Guid(e91f20d8d6698a040bfd7e7cd25a6133) Importer(815301076,1909f56bfc062723c751e8b465ee728b)
Start importing Assets/Scripts/PortalController.cs using Guid(e91f20d8d6698a040bfd7e7cd25a6133) Importer(815301076,1909f56bfc062723c751e8b465ee728b)  -> (artifact id: '4ae37c51a4c865b474299f8cd469c316') in 0.084103 seconds 
========================================================================
Received Prepare
Registering precompiled user dll's ...
Registered in 0.001458 seconds.
Begin MonoManager ReloadAssembly
Native extension for WindowsStandalone target not found
Refreshing native plugins compatible for Editor in 0.50 ms, found 1 plugins.
Preloading 0 native plugins for Editor in 0.00 ms.
Mono: successfully reloaded assembly
- Completed reload, in  1.355 seconds
Platform modules already initialized, skipping
Refreshing native plugins compatible for Editor in 0.45 ms, found 1 plugins.
Preloading 0 native plugins for Editor in 0.00 ms.
Unloading 1828 Unused Serialized files (Serialized files now loaded: 0)
System memory in use before: 88.2 MB.
System memory in use after: 88.2 MB.

Unloading 13 unused Assets to reduce memory usage. Loaded Objects now: 2326.
Total: 3.394800 ms (FindLiveObjects: 0.199900 ms CreateObjectMapping: 0.095800 ms MarkObjects: 2.979100 ms  DeleteObjects: 0.118700 ms)

========================================================================
Received Prepare
Registering precompiled user dll's ...
Registered in 0.001565 seconds.
Begin MonoManager ReloadAssembly
Native extension for WindowsStandalone target not found
Refreshing native plugins compatible for Editor in 0.44 ms, found 1 plugins.
Preloading 0 native plugins for Editor in 0.00 ms.
Mono: successfully reloaded assembly
- Completed reload, in  1.444 seconds
Platform modules already initialized, skipping
Refreshing native plugins compatible for Editor in 0.52 ms, found 1 plugins.
Preloading 0 native plugins for Editor in 0.00 ms.
Unloading 1828 Unused Serialized files (Serialized files now loaded: 0)
System memory in use before: 88.2 MB.
System memory in use after: 88.2 MB.

Unloading 12 unused Assets to reduce memory usage. Loaded Objects now: 2330.
Total: 3.467400 ms (FindLiveObjects: 0.220300 ms CreateObjectMapping: 0.144800 ms MarkObjects: 2.966900 ms  DeleteObjects: 0.134000 ms)

========================================================================
Received Prepare
Registering precompiled user dll's ...
Registered in 0.002253 seconds.
Begin MonoManager ReloadAssembly
Native extension for WindowsStandalone target not found
Refreshing native plugins compatible for Editor in 0.52 ms, found 1 plugins.
Preloading 0 native plugins for Editor in 0.00 ms.
Mono: successfully reloaded assembly
- Completed reload, in  1.489 seconds
Platform modules already initialized, skipping
Refreshing native plugins compatible for Editor in 0.54 ms, found 1 plugins.
Preloading 0 native plugins for Editor in 0.00 ms.
Unloading 1828 Unused Serialized files (Serialized files now loaded: 0)
System memory in use before: 88.2 MB.
System memory in use after: 88.2 MB.

Unloading 12 unused Assets to reduce memory usage. Loaded Objects now: 2334.
Total: 4.729700 ms (FindLiveObjects: 0.640900 ms CreateObjectMapping: 0.198800 ms MarkObjects: 3.712500 ms  DeleteObjects: 0.175700 ms)

========================================================================
Received Prepare
Registering precompiled user dll's ...
Registered in 0.001427 seconds.
Begin MonoManager ReloadAssembly
Native extension for WindowsStandalone target not found
Refreshing native plugins compatible for Editor in 0.37 ms, found 1 plugins.
Preloading 0 native plugins for Editor in 0.00 ms.
Mono: successfully reloaded assembly
- Completed reload, in  1.195 seconds
Platform modules already initialized, skipping
Refreshing native plugins compatible for Editor in 0.55 ms, found 1 plugins.
Preloading 0 native plugins for Editor in 0.00 ms.
Unloading 1828 Unused Serialized files (Serialized files now loaded: 0)
System memory in use before: 88.2 MB.
System memory in use after: 88.2 MB.

Unloading 12 unused Assets to reduce memory usage. Loaded Objects now: 2338.
Total: 2.912800 ms (FindLiveObjects: 0.182900 ms CreateObjectMapping: 0.106000 ms MarkObjects: 2.502200 ms  DeleteObjects: 0.120500 ms)

========================================================================
Received Prepare
Registering precompiled user dll's ...
Registered in 0.001499 seconds.
Begin MonoManager ReloadAssembly
Native extension for WindowsStandalone target not found
Refreshing native plugins compatible for Editor in 0.45 ms, found 1 plugins.
Preloading 0 native plugins for Editor in 0.00 ms.
Mono: successfully reloaded assembly
- Completed reload, in  1.474 seconds
Platform modules already initialized, skipping
Refreshing native plugins compatible for Editor in 0.65 ms, found 1 plugins.
Preloading 0 native plugins for Editor in 0.00 ms.
Unloading 1828 Unused Serialized files (Serialized files now loaded: 0)
System memory in use before: 88.2 MB.
System memory in use after: 88.2 MB.

Unloading 12 unused Assets to reduce memory usage. Loaded Objects now: 2342.
Total: 3.213000 ms (FindLiveObjects: 0.309800 ms CreateObjectMapping: 0.113100 ms MarkObjects: 2.643800 ms  DeleteObjects: 0.144500 ms)

AssetImportWorkerClient::OnTransportError - code=2 error=End of file
